InnoDB: using atomic writes.
2026-05-04  0:36:09 0 [Note] InnoDB: Mutexes and rw_locks use Windows interlocked functions
2026-05-04  0:36:09 0 [Note] InnoDB: Uses event mutexes
2026-05-04  0:36:09 0 [Note] InnoDB: Compressed tables use zlib 1.2.11
2026-05-04  0:36:09 0 [Note] InnoDB: Number of pools: 1
2026-05-04  0:36:09 0 [Note] InnoDB: Using SSE2 crc32 instructions
2026-05-04  0:36:09 0 [Note] InnoDB: Initializing buffer pool, total size = 16M, instances = 1, chunk size = 16M
2026-05-04  0:36:09 0 [Note] InnoDB: Completed initialization of buffer pool
2026-05-04  0:36:09 0 [Note] InnoDB: 128 out of 128 rollback segments are active.
2026-05-04  0:36:09 0 [Note] InnoDB: Creating shared tablespace for temporary tables
2026-05-04  0:36:09 0 [Note] InnoDB: Setting file 'D:\github\php_xampp\xampp\mysql\data\ibtmp1' size to 12 MB. Physically writing the file full; Please wait ...
2026-05-04  0:36:09 0 [Note] InnoDB: File 'D:\github\php_xampp\xampp\mysql\data\ibtmp1' size is now 12 MB.
2026-05-04  0:36:09 0 [Note] InnoDB: 10.4.10 started; log sequence number 40006414; transaction id 83722
2026-05-04  0:36:09 0 [Note] InnoDB: Loading buffer pool(s) from D:\github\php_xampp\xampp\mysql\data\ib_buffer_pool
2026-05-04  0:36:09 0 [Note] Plugin 'FEEDBACK' is disabled.
2026-05-04  0:36:09 0 [Note] Server socket created on IP: '::'.
InnoDB: using atomic writes.
2026-05-04  0:36:24 0 [Note] InnoDB: Mutexes and rw_locks use Windows interlocked functions
2026-05-04  0:36:24 0 [Note] InnoDB: Uses event mutexes
2026-05-04  0:36:24 0 [Note] InnoDB: Compressed tables use zlib 1.2.11
2026-05-04  0:36:24 0 [Note] InnoDB: Number of pools: 1
2026-05-04  0:36:24 0 [Note] InnoDB: Using SSE2 crc32 instructions
2026-05-04  0:36:24 0 [Note] InnoDB: Initializing buffer pool, total size = 16M, instances = 1, chunk size = 16M
2026-05-04  0:36:24 0 [Note] InnoDB: Completed initialization of buffer pool
2026-05-04  0:36:24 0 [Note] InnoDB: 128 out of 128 rollback segments are active.
2026-05-04  0:36:24 0 [Note] InnoDB: Creating shared tablespace for temporary tables
2026-05-04  0:36:24 0 [Note] InnoDB: Setting file 'D:\github\php_xampp\xampp\mysql\data\ibtmp1' size to 12 MB. Physically writing the file full; Please wait ...
2026-05-04  0:36:24 0 [Note] InnoDB: File 'D:\github\php_xampp\xampp\mysql\data\ibtmp1' size is now 12 MB.
2026-05-04  0:36:24 0 [Note] InnoDB: Waiting for purge to start
2026-05-04  0:36:24 0 [Note] InnoDB: 10.4.10 started; log sequence number 40006423; transaction id 83722
2026-05-04  0:36:24 0 [Note] InnoDB: Loading buffer pool(s) from D:\github\php_xampp\xampp\mysql\data\ib_buffer_pool
2026-05-04  0:36:24 0 [Note] Plugin 'FEEDBACK' is disabled.
2026-05-04  0:36:24 0 [Note] Server socket created on IP: '::'.
InnoDB: using atomic writes.
2026-05-04  0:36:26 0 [Note] InnoDB: Mutexes and rw_locks use Windows interlocked functions
2026-05-04  0:36:26 0 [Note] InnoDB: Uses event mutexes
2026-05-04  0:36:26 0 [Note] InnoDB: Compressed tables use zlib 1.2.11
2026-05-04  0:36:26 0 [Note] InnoDB: Number of pools: 1
2026-05-04  0:36:26 0 [Note] InnoDB: Using SSE2 crc32 instructions
2026-05-04  0:36:26 0 [Note] InnoDB: Initializing buffer pool, total size = 16M, instances = 1, chunk size = 16M
2026-05-04  0:36:26 0 [Note] InnoDB: Completed initialization of buffer pool
2026-05-04  0:36:26 0 [Note] InnoDB: 128 out of 128 rollback segments are active.
2026-05-04  0:36:26 0 [Note] InnoDB: Creating shared tablespace for temporary tables
2026-05-04  0:36:26 0 [Note] InnoDB: Setting file 'D:\github\php_xampp\xampp\mysql\data\ibtmp1' size to 12 MB. Physically writing the file full; Please wait ...
2026-05-04  0:36:26 0 [Note] InnoDB: File 'D:\github\php_xampp\xampp\mysql\data\ibtmp1' size is now 12 MB.
2026-05-04  0:36:26 0 [Note] InnoDB: Waiting for purge to start
2026-05-04  0:36:27 0 [Note] InnoDB: 10.4.10 started; log sequence number 40006432; transaction id 83722
2026-05-04  0:36:27 0 [Note] InnoDB: Loading buffer pool(s) from D:\github\php_xampp\xampp\mysql\data\ib_buffer_pool
2026-05-04  0:36:27 0 [Note] Plugin 'FEEDBACK' is disabled.
2026-05-04  0:36:27 0 [Note] Server socket created on IP: '::'.
InnoDB: using atomic writes.
2026-05-04  0:36:29 0 [Note] InnoDB: Mutexes and rw_locks use Windows interlocked functions
2026-05-04  0:36:29 0 [Note] InnoDB: Uses event mutexes
2026-05-04  0:36:29 0 [Note] InnoDB: Compressed tables use zlib 1.2.11
2026-05-04  0:36:29 0 [Note] InnoDB: Number of pools: 1
2026-05-04  0:36:29 0 [Note] InnoDB: Using SSE2 crc32 instructions
2026-05-04  0:36:29 0 [Note] InnoDB: Initializing buffer pool, total size = 16M, instances = 1, chunk size = 16M
2026-05-04  0:36:29 0 [Note] InnoDB: Completed initialization of buffer pool
2026-05-04  0:36:29 0 [Note] InnoDB: 128 out of 128 rollback segments are active.
2026-05-04  0:36:29 0 [Note] InnoDB: Creating shared tablespace for temporary tables
2026-05-04  0:36:29 0 [Note] InnoDB: Setting file 'D:\github\php_xampp\xampp\mysql\data\ibtmp1' size to 12 MB. Physically writing the file full; Please wait ...
2026-05-04  0:36:29 0 [Note] InnoDB: File 'D:\github\php_xampp\xampp\mysql\data\ibtmp1' size is now 12 MB.
2026-05-04  0:36:29 0 [Note] InnoDB: 10.4.10 started; log sequence number 40006441; transaction id 83722
2026-05-04  0:36:29 0 [Note] InnoDB: Loading buffer pool(s) from D:\github\php_xampp\xampp\mysql\data\ib_buffer_pool
2026-05-04  0:36:29 0 [Note] Plugin 'FEEDBACK' is disabled.
2026-05-04  0:36:29 0 [Note] Server socket created on IP: '::'.
InnoDB: using atomic writes.
2026-05-04  0:36:32 0 [Note] InnoDB: Mutexes and rw_locks use Windows interlocked functions
2026-05-04  0:36:32 0 [Note] InnoDB: Uses event mutexes
2026-05-04  0:36:32 0 [Note] InnoDB: Compressed tables use zlib 1.2.11
2026-05-04  0:36:32 0 [Note] InnoDB: Number of pools: 1
2026-05-04  0:36:32 0 [Note] InnoDB: Using SSE2 crc32 instructions
2026-05-04  0:36:32 0 [Note] InnoDB: Initializing buffer pool, total size = 16M, instances = 1, chunk size = 16M
2026-05-04  0:36:32 0 [Note] InnoDB: Completed initialization of buffer pool
2026-05-04  0:36:32 0 [Note] InnoDB: 128 out of 128 rollback segments are active.
2026-05-04  0:36:32 0 [Note] InnoDB: Creating shared tablespace for temporary tables
2026-05-04  0:36:32 0 [Note] InnoDB: Setting file 'D:\github\php_xampp\xampp\mysql\data\ibtmp1' size to 12 MB. Physically writing the file full; Please wait ...
2026-05-04  0:36:32 0 [Note] InnoDB: File 'D:\github\php_xampp\xampp\mysql\data\ibtmp1' size is now 12 MB.
2026-05-04  0:36:32 0 [Note] InnoDB: 10.4.10 started; log sequence number 40006450; transaction id 83722
2026-05-04  0:36:32 0 [Note] InnoDB: Loading buffer pool(s) from D:\github\php_xampp\xampp\mysql\data\ib_buffer_pool
2026-05-04  0:36:32 0 [Note] Plugin 'FEEDBACK' is disabled.
2026-05-04  0:36:32 0 [Note] Server socket created on IP: '::'.
2026-05-04  0:36:32 0 [ERROR] mysqld.exe: Table '.\mysql\db' is marked as crashed and last (automatic?) repair failed
2026-05-04  0:36:32 0 [ERROR] Fatal error: Can't open and lock privilege tables: Table '.\mysql\db' is marked as crashed and last (automatic?) repair failed
2026-05-04  0:36:32 0 [ERROR] Aborting
2026-05-04  0:36:32 0 [Note] InnoDB: Buffer pool(s) load completed at 260504  0:36:32
InnoDB: using atomic writes.
2026-05-04  0:36:59 0 [Note] InnoDB: Mutexes and rw_locks use Windows interlocked functions
2026-05-04  0:36:59 0 [Note] InnoDB: Uses event mutexes
2026-05-04  0:36:59 0 [Note] InnoDB: Compressed tables use zlib 1.2.11
2026-05-04  0:36:59 0 [Note] InnoDB: Number of pools: 1
2026-05-04  0:36:59 0 [Note] InnoDB: Using SSE2 crc32 instructions
2026-05-04  0:36:59 0 [Note] InnoDB: Initializing buffer pool, total size = 16M, instances = 1, chunk size = 16M
2026-05-04  0:36:59 0 [Note] InnoDB: Completed initialization of buffer pool
2026-05-04  0:37:00 0 [Note] InnoDB: 128 out of 128 rollback segments are active.
2026-05-04  0:37:00 0 [Note] InnoDB: Creating shared tablespace for temporary tables
2026-05-04  0:37:00 0 [Note] InnoDB: Setting file 'D:\github\php_xampp\xampp\mysql\data\ibtmp1' size to 12 MB. Physically writing the file full; Please wait ...
2026-05-04  0:37:00 0 [Note] InnoDB: File 'D:\github\php_xampp\xampp\mysql\data\ibtmp1' size is now 12 MB.
2026-05-04  0:37:00 0 [Note] InnoDB: 10.4.10 started; log sequence number 40006459; transaction id 83722
2026-05-04  0:37:00 0 [Note] InnoDB: Loading buffer pool(s) from D:\github\php_xampp\xampp\mysql\data\ib_buffer_pool
2026-05-04  0:37:00 0 [Note] Plugin 'FEEDBACK' is disabled.
2026-05-04  0:37:00 0 [Note] Server socket created on IP: '::'.
InnoDB: using atomic writes.
2026-05-04  0:39:59 0 [Note] InnoDB: Mutexes and rw_locks use Windows interlocked functions
2026-05-04  0:39:59 0 [Note] InnoDB: Uses event mutexes
2026-05-04  0:39:59 0 [Note] InnoDB: Compressed tables use zlib 1.2.11
2026-05-04  0:39:59 0 [Note] InnoDB: Number of pools: 1
2026-05-04  0:39:59 0 [Note] InnoDB: Using SSE2 crc32 instructions
2026-05-04  0:39:59 0 [ERROR] mysqld.exe: File 'D:\github\php_xampp\xampp\tmp\ibE17D.tmp' not found (Errcode: 13 "Permission denied")
2026-05-04  0:39:59 0 [ERROR] InnoDB: Unable to create temporary file; errno: 13
2026-05-04  0:39:59 0 [ERROR] mysqld.exe: File 'D:\github\php_xampp\xampp\tmp\ibE17E.tmp' not found (Errcode: 13 "Permission denied")
2026-05-04  0:39:59 0 [ERROR] InnoDB: Unable to create temporary file; errno: 13
2026-05-04  0:39:59 0 [ERROR] InnoDB: Plugin initialization aborted with error Generic error
2026-05-04  0:39:59 0 [Note] InnoDB: Starting shutdown...
2026-05-04  0:39:59 0 [ERROR] Plugin 'InnoDB' init function returned error.
2026-05-04  0:39:59 0 [ERROR] Plugin 'InnoDB' registration as a STORAGE ENGINE failed.
2026-05-04  0:39:59 0 [Note] Plugin 'FEEDBACK' is disabled.
2026-05-04  0:39:59 0 [ERROR] Unknown/unsupported storage engine: InnoDB
2026-05-04  0:39:59 0 [ERROR] Aborting
InnoDB: using atomic writes.
2026-05-04  0:40:16 0 [Note] InnoDB: Mutexes and rw_locks use Windows interlocked functions
2026-05-04  0:40:16 0 [Note] InnoDB: Uses event mutexes
2026-05-04  0:40:17 0 [Note] InnoDB: Compressed tables use zlib 1.2.11
2026-05-04  0:40:17 0 [Note] InnoDB: Number of pools: 1
2026-05-04  0:40:17 0 [Note] InnoDB: Using SSE2 crc32 instructions
2026-05-04  0:40:17 0 [Note] InnoDB: Initializing buffer pool, total size = 16M, instances = 1, chunk size = 16M
2026-05-04  0:40:17 0 [Note] InnoDB: Completed initialization of buffer pool
2026-05-04  0:40:17 0 [Note] InnoDB: 128 out of 128 rollback segments are active.
2026-05-04  0:40:17 0 [Note] InnoDB: Creating shared tablespace for temporary tables
2026-05-04  0:40:17 0 [Note] InnoDB: Setting file 'D:\github\php_xampp\xampp\mysql\data\ibtmp1' size to 12 MB. Physically writing the file full; Please wait ...
2026-05-04  0:40:17 0 [Note] InnoDB: File 'D:\github\php_xampp\xampp\mysql\data\ibtmp1' size is now 12 MB.
2026-05-04  0:40:17 0 [Note] InnoDB: Waiting for purge to start
2026-05-04  0:40:17 0 [Note] InnoDB: 10.4.10 started; log sequence number 40006468; transaction id 83722
2026-05-04  0:40:17 0 [Note] InnoDB: Loading buffer pool(s) from D:\github\php_xampp\xampp\mysql\data\ib_buffer_pool
2026-05-04  0:40:17 0 [Note] Plugin 'FEEDBACK' is disabled.
2026-05-04  0:40:17 0 [Note] Server socket created on IP: '::'.
InnoDB: using atomic writes.
2026-05-04  0:40:53 0 [Note] InnoDB: Mutexes and rw_locks use Windows interlocked functions
2026-05-04  0:40:53 0 [Note] InnoDB: Uses event mutexes
2026-05-04  0:40:53 0 [Note] InnoDB: Compressed tables use zlib 1.2.11
2026-05-04  0:40:53 0 [Note] InnoDB: Number of pools: 1
2026-05-04  0:40:53 0 [Note] InnoDB: Using SSE2 crc32 instructions
2026-05-04  0:40:53 0 [Note] InnoDB: Initializing buffer pool, total size = 16M, instances = 1, chunk size = 16M
2026-05-04  0:40:53 0 [Note] InnoDB: Completed initialization of buffer pool
2026-05-04  0:40:54 0 [Note] InnoDB: 128 out of 128 rollback segments are active.
2026-05-04  0:40:54 0 [Note] InnoDB: Creating shared tablespace for temporary tables
2026-05-04  0:40:54 0 [Note] InnoDB: Setting file 'D:\github\php_xampp\xampp\mysql\data\ibtmp1' size to 12 MB. Physically writing the file full; Please wait ...
2026-05-04  0:40:54 0 [Note] InnoDB: File 'D:\github\php_xampp\xampp\mysql\data\ibtmp1' size is now 12 MB.
2026-05-04  0:40:54 0 [Note] InnoDB: Waiting for purge to start
2026-05-04  0:40:54 0 [Note] InnoDB: 10.4.10 started; log sequence number 40006477; transaction id 83722
2026-05-04  0:40:54 0 [Note] InnoDB: Loading buffer pool(s) from D:\github\php_xampp\xampp\mysql\data\ib_buffer_pool
2026-05-04  0:40:54 0 [Note] Plugin 'FEEDBACK' is disabled.
2026-05-04  0:40:54 0 [Note] Server socket created on IP: '::'.
Cannot find checkpoint record at LSN (1,0x6491)
2026-05-04 11:01:18 0 [ERROR] mysqld.exe: Aria recovery failed. Please run aria_chk -r on all Aria tables and delete all aria_log.######## files
2026-05-04 11:01:18 0 [ERROR] Plugin 'Aria' init function returned error.
2026-05-04 11:01:18 0 [ERROR] Plugin 'Aria' registration as a STORAGE ENGINE failed.
InnoDB: using atomic writes.
2026-05-04 11:01:18 0 [Note] InnoDB: Mutexes and rw_locks use Windows interlocked functions
2026-05-04 11:01:18 0 [Note] InnoDB: Uses event mutexes
2026-05-04 11:01:18 0 [Note] InnoDB: Compressed tables use zlib 1.2.11
2026-05-04 11:01:18 0 [Note] InnoDB: Number of pools: 1
2026-05-04 11:01:18 0 [Note] InnoDB: Using SSE2 crc32 instructions
2026-05-04 11:01:18 0 [Note] InnoDB: Initializing buffer pool, total size = 16M, instances = 1, chunk size = 16M
2026-05-04 11:01:18 0 [Note] InnoDB: Completed initialization of buffer pool
2026-05-04 11:01:18 0 [Note] InnoDB: Starting crash recovery from checkpoint LSN=40230241
2026-05-04 11:01:18 0 [Note] InnoDB: 128 out of 128 rollback segments are active.
2026-05-04 11:01:18 0 [Note] InnoDB: Removed temporary tablespace data file: "ibtmp1"
2026-05-04 11:01:18 0 [Note] InnoDB: Creating shared tablespace for temporary tables
2026-05-04 11:01:18 0 [Note] InnoDB: Setting file 'D:\github\php_xampp\xampp\mysql\data\ibtmp1' size to 12 MB. Physically writing the file full; Please wait ...
2026-05-04 11:01:18 0 [Note] InnoDB: File 'D:\github\php_xampp\xampp\mysql\data\ibtmp1' size is now 12 MB.
2026-05-04 11:01:18 0 [Note] InnoDB: Waiting for purge to start
2026-05-04 11:01:18 0 [Note] InnoDB: 10.4.10 started; log sequence number 40230250; transaction id 140384
2026-05-04 11:01:18 0 [Note] InnoDB: Loading buffer pool(s) from D:\github\php_xampp\xampp\mysql\data\ib_buffer_pool
2026-05-04 11:01:18 0 [Note] Plugin 'FEEDBACK' is disabled.
2026-05-04 11:01:18 0 [ERROR] Could not open mysql.plugin table. Some plugins may be not loaded
2026-05-04 11:01:18 0 [ERROR] Failed to initialize plugins.
2026-05-04 11:01:18 0 [ERROR] Aborting
Cannot find checkpoint record at LSN (1,0x6491)
2026-05-04 11:01:25 0 [ERROR] mysqld.exe: Aria recovery failed. Please run aria_chk -r on all Aria tables and delete all aria_log.######## files
2026-05-04 11:01:25 0 [ERROR] Plugin 'Aria' init function returned error.
2026-05-04 11:01:25 0 [ERROR] Plugin 'Aria' registration as a STORAGE ENGINE failed.
InnoDB: using atomic writes.
2026-05-04 11:01:25 0 [Note] InnoDB: Mutexes and rw_locks use Windows interlocked functions
2026-05-04 11:01:25 0 [Note] InnoDB: Uses event mutexes
2026-05-04 11:01:25 0 [Note] InnoDB: Compressed tables use zlib 1.2.11
2026-05-04 11:01:25 0 [Note] InnoDB: Number of pools: 1
2026-05-04 11:01:25 0 [Note] InnoDB: Using SSE2 crc32 instructions
2026-05-04 11:01:25 0 [Note] InnoDB: Initializing buffer pool, total size = 16M, instances = 1, chunk size = 16M
2026-05-04 11:01:25 0 [Note] InnoDB: Completed initialization of buffer pool
2026-05-04 11:01:25 0 [Note] InnoDB: 128 out of 128 rollback segments are active.
2026-05-04 11:01:25 0 [Note] InnoDB: Creating shared tablespace for temporary tables
2026-05-04 11:01:25 0 [Note] InnoDB: Setting file 'D:\github\php_xampp\xampp\mysql\data\ibtmp1' size to 12 MB. Physically writing the file full; Please wait ...
2026-05-04 11:01:25 0 [Note] InnoDB: File 'D:\github\php_xampp\xampp\mysql\data\ibtmp1' size is now 12 MB.
2026-05-04 11:01:25 0 [Note] InnoDB: Waiting for purge to start
2026-05-04 11:01:25 0 [Note] InnoDB: 10.4.10 started; log sequence number 40230259; transaction id 140384
2026-05-04 11:01:25 0 [Note] InnoDB: Loading buffer pool(s) from D:\github\php_xampp\xampp\mysql\data\ib_buffer_pool
2026-05-04 11:01:25 0 [Note] Plugin 'FEEDBACK' is disabled.
2026-05-04 11:01:25 0 [ERROR] Could not open mysql.plugin table. Some plugins may be not loaded
2026-05-04 11:01:25 0 [ERROR] Failed to initialize plugins.
2026-05-04 11:01:25 0 [ERROR] Aborting
Cannot find checkpoint record at LSN (1,0x6491)
2026-05-04 11:01:27 0 [ERROR] mysqld.exe: Aria recovery failed. Please run aria_chk -r on all Aria tables and delete all aria_log.######## files
2026-05-04 11:01:27 0 [ERROR] Plugin 'Aria' init function returned error.
2026-05-04 11:01:27 0 [ERROR] Plugin 'Aria' registration as a STORAGE ENGINE failed.
InnoDB: using atomic writes.
2026-05-04 11:01:27 0 [Note] InnoDB: Mutexes and rw_locks use Windows interlocked functions
2026-05-04 11:01:27 0 [Note] InnoDB: Uses event mutexes
2026-05-04 11:01:27 0 [Note] InnoDB: Compressed tables use zlib 1.2.11
2026-05-04 11:01:27 0 [Note] InnoDB: Number of pools: 1
2026-05-04 11:01:27 0 [Note] InnoDB: Using SSE2 crc32 instructions
2026-05-04 11:01:27 0 [Note] InnoDB: Initializing buffer pool, total size = 16M, instances = 1, chunk size = 16M
2026-05-04 11:01:27 0 [Note] InnoDB: Completed initialization of buffer pool
2026-05-04 11:01:28 0 [Note] InnoDB: 128 out of 128 rollback segments are active.
2026-05-04 11:01:28 0 [Note] InnoDB: Creating shared tablespace for temporary tables
2026-05-04 11:01:28 0 [Note] InnoDB: Setting file 'D:\github\php_xampp\xampp\mysql\data\ibtmp1' size to 12 MB. Physically writing the file full; Please wait ...
2026-05-04 11:01:28 0 [Note] InnoDB: File 'D:\github\php_xampp\xampp\mysql\data\ibtmp1' size is now 12 MB.
2026-05-04 11:01:28 0 [Note] InnoDB: Waiting for purge to start
2026-05-04 11:01:28 0 [Note] InnoDB: 10.4.10 started; log sequence number 40230268; transaction id 140384
2026-05-04 11:01:28 0 [Note] InnoDB: Loading buffer pool(s) from D:\github\php_xampp\xampp\mysql\data\ib_buffer_pool
2026-05-04 11:01:28 0 [Note] Plugin 'FEEDBACK' is disabled.
2026-05-04 11:01:28 0 [ERROR] Could not open mysql.plugin table. Some plugins may be not loaded
2026-05-04 11:01:28 0 [ERROR] Failed to initialize plugins.
2026-05-04 11:01:28 0 [ERROR] Aborting
Cannot find checkpoint record at LSN (1,0x6491)
2026-05-04 11:01:30 0 [ERROR] mysqld.exe: Aria recovery failed. Please run aria_chk -r on all Aria tables and delete all aria_log.######## files
2026-05-04 11:01:30 0 [ERROR] Plugin 'Aria' init function returned error.
2026-05-04 11:01:30 0 [ERROR] Plugin 'Aria' registration as a STORAGE ENGINE failed.
InnoDB: using atomic writes.
2026-05-04 11:01:30 0 [Note] InnoDB: Mutexes and rw_locks use Windows interlocked functions
2026-05-04 11:01:30 0 [Note] InnoDB: Uses event mutexes
2026-05-04 11:01:30 0 [Note] InnoDB: Compressed tables use zlib 1.2.11
2026-05-04 11:01:30 0 [Note] InnoDB: Number of pools: 1
2026-05-04 11:01:30 0 [Note] InnoDB: Using SSE2 crc32 instructions
2026-05-04 11:01:30 0 [Note] InnoDB: Initializing buffer pool, total size = 16M, instances = 1, chunk size = 16M
2026-05-04 11:01:30 0 [Note] InnoDB: Completed initialization of buffer pool
2026-05-04 11:01:30 0 [Note] InnoDB: 128 out of 128 rollback segments are active.
2026-05-04 11:01:30 0 [Note] InnoDB: Creating shared tablespace for temporary tables
2026-05-04 11:01:30 0 [Note] InnoDB: Setting file 'D:\github\php_xampp\xampp\mysql\data\ibtmp1' size to 12 MB. Physically writing the file full; Please wait ...
2026-05-04 11:01:30 0 [Note] InnoDB: File 'D:\github\php_xampp\xampp\mysql\data\ibtmp1' size is now 12 MB.
2026-05-04 11:01:30 0 [Note] InnoDB: 10.4.10 started; log sequence number 40230277; transaction id 140384
2026-05-04 11:01:30 0 [Note] InnoDB: Loading buffer pool(s) from D:\github\php_xampp\xampp\mysql\data\ib_buffer_pool
2026-05-04 11:01:30 0 [Note] Plugin 'FEEDBACK' is disabled.
2026-05-04 11:01:30 0 [ERROR] Could not open mysql.plugin table. Some plugins may be not loaded
2026-05-04 11:01:30 0 [ERROR] Failed to initialize plugins.
2026-05-04 11:01:30 0 [ERROR] Aborting
Cannot find checkpoint record at LSN (1,0x6491)
2026-05-04 11:01:45 0 [ERROR] mysqld.exe: Aria recovery failed. Please run aria_chk -r on all Aria tables and delete all aria_log.######## files
2026-05-04 11:01:45 0 [ERROR] Plugin 'Aria' init function returned error.
2026-05-04 11:01:45 0 [ERROR] Plugin 'Aria' registration as a STORAGE ENGINE failed.
InnoDB: using atomic writes.
2026-05-04 11:01:45 0 [Note] InnoDB: Mutexes and rw_locks use Windows interlocked functions
2026-05-04 11:01:45 0 [Note] InnoDB: Uses event mutexes
2026-05-04 11:01:45 0 [Note] InnoDB: Compressed tables use zlib 1.2.11
2026-05-04 11:01:45 0 [Note] InnoDB: Number of pools: 1
2026-05-04 11:01:45 0 [Note] InnoDB: Using SSE2 crc32 instructions
2026-05-04 11:01:45 0 [Note] InnoDB: Initializing buffer pool, total size = 16M, instances = 1, chunk size = 16M
2026-05-04 11:01:45 0 [Note] InnoDB: Completed initialization of buffer pool
2026-05-04 11:01:45 0 [Note] InnoDB: 128 out of 128 rollback segments are active.
2026-05-04 11:01:45 0 [Note] InnoDB: Creating shared tablespace for temporary tables
2026-05-04 11:01:45 0 [Note] InnoDB: Setting file 'D:\github\php_xampp\xampp\mysql\data\ibtmp1' size to 12 MB. Physically writing the file full; Please wait ...
2026-05-04 11:01:45 0 [Note] InnoDB: File 'D:\github\php_xampp\xampp\mysql\data\ibtmp1' size is now 12 MB.
2026-05-04 11:01:45 0 [Note] InnoDB: 10.4.10 started; log sequence number 40230286; transaction id 140384
2026-05-04 11:01:45 0 [Note] InnoDB: Loading buffer pool(s) from D:\github\php_xampp\xampp\mysql\data\ib_buffer_pool
2026-05-04 11:01:45 0 [Note] Plugin 'FEEDBACK' is disabled.
2026-05-04 11:01:45 0 [ERROR] Could not open mysql.plugin table. Some plugins may be not loaded
2026-05-04 11:01:45 0 [ERROR] Failed to initialize plugins.
2026-05-04 11:01:45 0 [ERROR] Aborting
Cannot find checkpoint record at LSN (1,0x6491)
2026-05-04 11:01:47 0 [ERROR] mysqld.exe: Aria recovery failed. Please run aria_chk -r on all Aria tables and delete all aria_log.######## files
2026-05-04 11:01:47 0 [ERROR] Plugin 'Aria' init function returned error.
2026-05-04 11:01:47 0 [ERROR] Plugin 'Aria' registration as a STORAGE ENGINE failed.
InnoDB: using atomic writes.
2026-05-04 11:01:47 0 [Note] InnoDB: Mutexes and rw_locks use Windows interlocked functions
2026-05-04 11:01:47 0 [Note] InnoDB: Uses event mutexes
2026-05-04 11:01:47 0 [Note] InnoDB: Compressed tables use zlib 1.2.11
2026-05-04 11:01:47 0 [Note] InnoDB: Number of pools: 1
2026-05-04 11:01:47 0 [Note] InnoDB: Using SSE2 crc32 instructions
2026-05-04 11:01:47 0 [Note] InnoDB: Initializing buffer pool, total size = 16M, instances = 1, chunk size = 16M
2026-05-04 11:01:47 0 [Note] InnoDB: Completed initialization of buffer pool
2026-05-04 11:01:47 0 [Note] InnoDB: 128 out of 128 rollback segments are active.
2026-05-04 11:01:47 0 [Note] InnoDB: Creating shared tablespace for temporary tables
2026-05-04 11:01:47 0 [Note] InnoDB: Setting file 'D:\github\php_xampp\xampp\mysql\data\ibtmp1' size to 12 MB. Physically writing the file full; Please wait ...
2026-05-04 11:01:47 0 [Note] InnoDB: File 'D:\github\php_xampp\xampp\mysql\data\ibtmp1' size is now 12 MB.
2026-05-04 11:01:48 0 [Note] InnoDB: Waiting for purge to start
2026-05-04 11:01:48 0 [Note] InnoDB: 10.4.10 started; log sequence number 40230295; transaction id 140384
2026-05-04 11:01:48 0 [Note] InnoDB: Loading buffer pool(s) from D:\github\php_xampp\xampp\mysql\data\ib_buffer_pool
2026-05-04 11:01:48 0 [Note] Plugin 'FEEDBACK' is disabled.
2026-05-04 11:01:48 0 [ERROR] Could not open mysql.plugin table. Some plugins may be not loaded
2026-05-04 11:01:48 0 [ERROR] Failed to initialize plugins.
2026-05-04 11:01:48 0 [ERROR] Aborting
2026-05-04 11:03:24 0 [ERROR] mysqld.exe: File 'D:\github\php_xampp\xampp\mysql\data\aria_log.00000001' not found (Errcode: 2 "No such file or directory")
InnoDB: using atomic writes.
2026-05-04 11:03:24 0 [Note] InnoDB: Mutexes and rw_locks use Windows interlocked functions
2026-05-04 11:03:24 0 [Note] InnoDB: Uses event mutexes
2026-05-04 11:03:24 0 [Note] InnoDB: Compressed tables use zlib 1.2.11
2026-05-04 11:03:24 0 [Note] InnoDB: Number of pools: 1
2026-05-04 11:03:24 0 [Note] InnoDB: Using SSE2 crc32 instructions
2026-05-04 11:03:24 0 [Note] InnoDB: Initializing buffer pool, total size = 16M, instances = 1, chunk size = 16M
2026-05-04 11:03:24 0 [Note] InnoDB: Completed initialization of buffer pool
2026-05-04 11:03:24 0 [Note] InnoDB: 128 out of 128 rollback segments are active.
2026-05-04 11:03:24 0 [Note] InnoDB: Creating shared tablespace for temporary tables
2026-05-04 11:03:24 0 [Note] InnoDB: Setting file 'D:\github\php_xampp\xampp\mysql\data\ibtmp1' size to 12 MB. Physically writing the file full; Please wait ...
2026-05-04 11:03:24 0 [Note] InnoDB: File 'D:\github\php_xampp\xampp\mysql\data\ibtmp1' size is now 12 MB.
2026-05-04 11:03:24 0 [Note] InnoDB: 10.4.10 started; log sequence number 40230304; transaction id 140384
2026-05-04 11:03:24 0 [Note] InnoDB: Loading buffer pool(s) from D:\github\php_xampp\xampp\mysql\data\ib_buffer_pool
2026-05-04 11:03:24 0 [Note] Plugin 'FEEDBACK' is disabled.
2026-05-04 11:03:24 0 [Note] Server socket created on IP: '::'.
InnoDB: using atomic writes.
2026-05-04 11:04:43 0 [Note] InnoDB: Mutexes and rw_locks use Windows interlocked functions
2026-05-04 11:04:43 0 [Note] InnoDB: Uses event mutexes
2026-05-04 11:04:43 0 [Note] InnoDB: Compressed tables use zlib 1.2.11
2026-05-04 11:04:43 0 [Note] InnoDB: Number of pools: 1
2026-05-04 11:04:43 0 [Note] InnoDB: Using SSE2 crc32 instructions
2026-05-04 11:04:43 0 [Note] InnoDB: Initializing buffer pool, total size = 16M, instances = 1, chunk size = 16M
2026-05-04 11:04:43 0 [Note] InnoDB: Completed initialization of buffer pool
2026-05-04 11:04:43 0 [Note] InnoDB: 128 out of 128 rollback segments are active.
2026-05-04 11:04:43 0 [Note] InnoDB: Creating shared tablespace for temporary tables
2026-05-04 11:04:43 0 [Note] InnoDB: Setting file 'D:\github\php_xampp\xampp\mysql\data\ibtmp1' size to 12 MB. Physically writing the file full; Please wait ...
2026-05-04 11:04:43 0 [Note] InnoDB: File 'D:\github\php_xampp\xampp\mysql\data\ibtmp1' size is now 12 MB.
2026-05-04 11:04:43 0 [Note] InnoDB: Waiting for purge to start
2026-05-04 11:04:44 0 [Note] InnoDB: 10.4.10 started; log sequence number 40230313; transaction id 140384
2026-05-04 11:04:44 0 [Note] InnoDB: Loading buffer pool(s) from D:\github\php_xampp\xampp\mysql\data\ib_buffer_pool
2026-05-04 11:04:44 0 [Note] Plugin 'FEEDBACK' is disabled.
2026-05-04 11:04:44 0 [Note] Server socket created on IP: '::'.
InnoDB: using atomic writes.
2026-05-05 22:19:01 0 [Note] InnoDB: Mutexes and rw_locks use Windows interlocked functions
2026-05-05 22:19:01 0 [Note] InnoDB: Uses event mutexes
2026-05-05 22:19:01 0 [Note] InnoDB: Compressed tables use zlib 1.2.11
2026-05-05 22:19:01 0 [Note] InnoDB: Number of pools: 1
2026-05-05 22:19:01 0 [Note] InnoDB: Using SSE2 crc32 instructions
2026-05-05 22:19:01 0 [Note] InnoDB: Initializing buffer pool, total size = 16M, instances = 1, chunk size = 16M
2026-05-05 22:19:01 0 [Note] InnoDB: Completed initialization of buffer pool
2026-05-05 22:19:01 0 [Note] InnoDB: Starting crash recovery from checkpoint LSN=40860048
2026-05-05 22:19:01 0 [Note] InnoDB: 128 out of 128 rollback segments are active.
2026-05-05 22:19:01 0 [Note] InnoDB: Removed temporary tablespace data file: "ibtmp1"
2026-05-05 22:19:01 0 [Note] InnoDB: Creating shared tablespace for temporary tables
2026-05-05 22:19:01 0 [Note] InnoDB: Setting file 'D:\github\php_xampp\xampp\mysql\data\ibtmp1' size to 12 MB. Physically writing the file full; Please wait ...
2026-05-05 22:19:01 0 [Note] InnoDB: File 'D:\github\php_xampp\xampp\mysql\data\ibtmp1' size is now 12 MB.
2026-05-05 22:19:01 0 [Note] InnoDB: Waiting for purge to start
2026-05-05 22:19:01 0 [Note] InnoDB: 10.4.10 started; log sequence number 40860057; transaction id 503985
2026-05-05 22:19:01 0 [Note] InnoDB: Loading buffer pool(s) from D:\github\php_xampp\xampp\mysql\data\ib_buffer_pool
2026-05-05 22:19:01 0 [Note] Plugin 'FEEDBACK' is disabled.
2026-05-05 22:19:01 0 [Note] Server socket created on IP: '::'.
