ø¿»ƒ 7:05:15  [main] 	Initializing Control Panel
ø¿»ƒ 7:05:15  [main] 	Windows Version:  Enterprise  64-bit
ø¿»ƒ 7:05:15  [main] 	XAMPP Version: 7.3.12
ø¿»ƒ 7:05:15  [main] 	Control Panel Version: 3.2.4  [ Compiled: Jun 5th 2019 ]
ø¿»ƒ 7:05:15  [main] 	Running with Administrator rights - good!
ø¿»ƒ 7:05:15  [main] 	XAMPP Installation Directory: "d:\github\php_xampp\xampp\"
ø¿»ƒ 7:05:15  [main] 	Checking for prerequisites
ø¿»ƒ 7:05:15  [main] 	All prerequisites found
ø¿»ƒ 7:05:15  [main] 	Initializing Modules
ø¿»ƒ 7:05:15  [main] 	Starting Check-Timer
ø¿»ƒ 7:05:15  [main] 	Control Panel Ready
ø¿»ƒ 7:05:20  [main] 	Deinitializing Modules
ø¿»ƒ 7:05:20  [main] 	Deinitializing Control Panel

ø¿»ƒ 7:21:44  [main] 	Initializing Control Panel
ø¿»ƒ 7:21:44  [main] 	Windows Version:  Enterprise  64-bit
ø¿»ƒ 7:21:44  [main] 	XAMPP Version: 7.3.12
ø¿»ƒ 7:21:44  [main] 	Control Panel Version: 3.2.4  [ Compiled: Jun 5th 2019 ]
ø¿»ƒ 7:21:44  [main] 	You are not running with administrator rights! This will work for
ø¿»ƒ 7:21:44  [main] 	most application stuff but whenever you do something with services
ø¿»ƒ 7:21:44  [main] 	there will be a security dialogue or things will break! So think 
ø¿»ƒ 7:21:44  [main] 	about running this application with administrator rights!
ø¿»ƒ 7:21:44  [main] 	XAMPP Installation Directory: "d:\github\php_xampp\xampp\"
ø¿»ƒ 7:21:44  [main] 	Checking for prerequisites
ø¿»ƒ 7:21:44  [main] 	All prerequisites found
ø¿»ƒ 7:21:44  [main] 	Initializing Modules
ø¿»ƒ 7:21:44  [Apache] 	Problem detected!
ø¿»ƒ 7:21:44  [Apache] 	Port 80 in use by "Unable to open process" with PID 19508!
ø¿»ƒ 7:21:44  [Apache] 	Apache WILL NOT start without the configured ports free!
ø¿»ƒ 7:21:44  [Apache] 	You need to uninstall/disable/reconfigure the blocking application
ø¿»ƒ 7:21:44  [Apache] 	or reconfigure Apache and the Control Panel to listen on a different port
ø¿»ƒ 7:21:45  [Apache] 	Problem detected!
ø¿»ƒ 7:21:45  [Apache] 	Port 443 in use by "Unable to open process" with PID 19508!
ø¿»ƒ 7:21:45  [Apache] 	Apache WILL NOT start without the configured ports free!
ø¿»ƒ 7:21:45  [Apache] 	You need to uninstall/disable/reconfigure the blocking application
ø¿»ƒ 7:21:45  [Apache] 	or reconfigure Apache and the Control Panel to listen on a different port
ø¿»ƒ 7:21:45  [mysql] 	Problem detected!
ø¿»ƒ 7:21:45  [mysql] 	Port 3306 in use by "Unable to open process"!
ø¿»ƒ 7:21:45  [mysql] 	MySQL WILL NOT start without the configured ports free!
ø¿»ƒ 7:21:45  [mysql] 	You need to uninstall/disable/reconfigure the blocking application
ø¿»ƒ 7:21:45  [mysql] 	or reconfigure MySQL and the Control Panel to listen on a different port
ø¿»ƒ 7:21:45  [main] 	Starting Check-Timer
ø¿»ƒ 7:21:45  [main] 	Control Panel Ready
ø¿»ƒ 7:21:49  [main] 	Deinitializing Modules
ø¿»ƒ 7:21:49  [main] 	Deinitializing Control Panel

ø¿»ƒ 7:12:23  [main] 	Initializing Control Panel
ø¿»ƒ 7:12:23  [main] 	Windows Version:  Enterprise  64-bit
ø¿»ƒ 7:12:23  [main] 	XAMPP Version: 7.3.12
ø¿»ƒ 7:12:23  [main] 	Control Panel Version: 3.2.4  [ Compiled: Jun 5th 2019 ]
ø¿»ƒ 7:12:23  [main] 	Running with Administrator rights - good!
ø¿»ƒ 7:12:23  [main] 	XAMPP Installation Directory: "d:\github\php_xampp\xampp\"
ø¿»ƒ 7:12:23  [main] 	Checking for prerequisites
ø¿»ƒ 7:12:23  [main] 	All prerequisites found
ø¿»ƒ 7:12:23  [main] 	Initializing Modules
ø¿»ƒ 7:12:23  [main] 	Starting Check-Timer
ø¿»ƒ 7:12:23  [main] 	Control Panel Ready
ø¿»ƒ 7:12:25  [mysql] 	Attempting to start MySQL app...
ø¿»ƒ 7:12:26  [mysql] 	Status change detected: running
ø¿»ƒ 7:12:27  [Apache] 	Attempting to start Apache app...
ø¿»ƒ 7:12:28  [Apache] 	Status change detected: running
ø¿»ƒ 7:21:59  [mysql] 	Attempting to stop MySQL app...
ø¿»ƒ 7:21:59  [mysql] 	Status change detected: stopped
ø¿»ƒ 7:21:59  [Apache] 	Attempting to stop Apache (PID: 19508)
ø¿»ƒ 7:21:59  [Apache] 	Attempting to stop Apache (PID: 16392)
ø¿»ƒ 7:22:00  [Apache] 	Status change detected: stopped
ø¿»ƒ 7:22:00  [main] 	Deinitializing Modules
ø¿»ƒ 7:22:00  [main] 	Deinitializing Control Panel

ø¿»ƒ 7:53:26  [main] 	Initializing Control Panel
ø¿»ƒ 7:53:26  [main] 	Windows Version:  Enterprise  64-bit
ø¿»ƒ 7:53:26  [main] 	XAMPP Version: 7.3.12
ø¿»ƒ 7:53:26  [main] 	Control Panel Version: 3.2.4  [ Compiled: Jun 5th 2019 ]
ø¿»ƒ 7:53:26  [main] 	You are not running with administrator rights! This will work for
ø¿»ƒ 7:53:26  [main] 	most application stuff but whenever you do something with services
ø¿»ƒ 7:53:26  [main] 	there will be a security dialogue or things will break! So think 
ø¿»ƒ 7:53:26  [main] 	about running this application with administrator rights!
ø¿»ƒ 7:53:26  [main] 	XAMPP Installation Directory: "d:\github\php_xampp\xampp\"
ø¿»ƒ 7:53:26  [main] 	Checking for prerequisites
ø¿»ƒ 7:53:27  [main] 	All prerequisites found
ø¿»ƒ 7:53:27  [main] 	Initializing Modules
ø¿»ƒ 7:53:27  [main] 	Starting Check-Timer
ø¿»ƒ 7:53:27  [main] 	Control Panel Ready
ø¿»ƒ 7:53:28  [Apache] 	Attempting to start Apache app...
ø¿»ƒ 7:53:29  [Apache] 	Status change detected: running
ø¿»ƒ 7:53:29  [mysql] 	Attempting to start MySQL app...
ø¿»ƒ 7:53:30  [mysql] 	Status change detected: running
ø¿»ƒ 9:58:58  [mysql] 	Attempting to stop MySQL app...
ø¿»ƒ 9:58:59  [mysql] 	Status change detected: stopped
ø¿»ƒ 9:58:59  [Apache] 	Attempting to stop Apache (PID: 13580)
ø¿»ƒ 9:58:59  [Apache] 	Attempting to stop Apache (PID: 13848)
ø¿»ƒ 9:58:59  [Apache] 	Status change detected: stopped
ø¿»ƒ 9:59:00  [main] 	Deinitializing Modules
ø¿»ƒ 9:59:00  [main] 	Deinitializing Control Panel

ø¿»ƒ 3:35:51  [main] 	Initializing Control Panel
ø¿»ƒ 3:35:51  [main] 	Windows Version:  Enterprise  64-bit
ø¿»ƒ 3:35:51  [main] 	XAMPP Version: 7.3.12
ø¿»ƒ 3:35:51  [main] 	Control Panel Version: 3.2.4  [ Compiled: Jun 5th 2019 ]
ø¿»ƒ 3:35:51  [main] 	You are not running with administrator rights! This will work for
ø¿»ƒ 3:35:51  [main] 	most application stuff but whenever you do something with services
ø¿»ƒ 3:35:51  [main] 	there will be a security dialogue or things will break! So think 
ø¿»ƒ 3:35:51  [main] 	about running this application with administrator rights!
ø¿»ƒ 3:35:51  [main] 	XAMPP Installation Directory: "d:\github\php_xampp\xampp\"
ø¿»ƒ 3:35:51  [main] 	Checking for prerequisites
ø¿»ƒ 3:35:53  [main] 	All prerequisites found
ø¿»ƒ 3:35:53  [main] 	Initializing Modules
ø¿»ƒ 3:35:53  [main] 	Starting Check-Timer
ø¿»ƒ 3:35:53  [main] 	Control Panel Ready
ø¿»ƒ 3:35:54  [Apache] 	Attempting to start Apache app...
ø¿»ƒ 3:35:54  [Apache] 	Status change detected: running
ø¿»ƒ 3:35:55  [mysql] 	Attempting to start MySQL app...
ø¿»ƒ 3:35:55  [mysql] 	Status change detected: running
ø¿»ƒ 5:39:23  [main] 	Deinitializing Modules
ø¿»ƒ 5:39:23  [main] 	Deinitializing Control Panel

ø¿¿¸ 9:47:00  [main] 	Initializing Control Panel
ø¿¿¸ 9:47:00  [main] 	Windows Version:  Enterprise  64-bit
ø¿¿¸ 9:47:00  [main] 	XAMPP Version: 7.3.12
ø¿¿¸ 9:47:00  [main] 	Control Panel Version: 3.2.4  [ Compiled: Jun 5th 2019 ]
ø¿¿¸ 9:47:00  [main] 	You are not running with administrator rights! This will work for
ø¿¿¸ 9:47:00  [main] 	most application stuff but whenever you do something with services
ø¿¿¸ 9:47:00  [main] 	there will be a security dialogue or things will break! So think 
ø¿¿¸ 9:47:00  [main] 	about running this application with administrator rights!
ø¿¿¸ 9:47:00  [main] 	XAMPP Installation Directory: "d:\github\php_xampp\xampp\"
ø¿¿¸ 9:47:00  [main] 	Checking for prerequisites
ø¿¿¸ 9:47:01  [main] 	All prerequisites found
ø¿¿¸ 9:47:01  [main] 	Initializing Modules
ø¿¿¸ 9:47:01  [main] 	Starting Check-Timer
ø¿¿¸ 9:47:01  [main] 	Control Panel Ready
ø¿¿¸ 9:47:26  [mysql] 	Attempting to start MySQL app...
ø¿¿¸ 9:47:26  [Apache] 	Attempting to start Apache app...
ø¿¿¸ 9:47:27  [Apache] 	Status change detected: running
ø¿¿¸ 9:47:27  [mysql] 	Status change detected: running
ø¿»ƒ 4:56:45  [mysql] 	Attempting to stop MySQL app...
ø¿»ƒ 4:56:45  [mysql] 	Status change detected: stopped
ø¿»ƒ 4:56:45  [Apache] 	Attempting to stop Apache (PID: 2164)
ø¿»ƒ 4:56:45  [Apache] 	Attempting to stop Apache (PID: 15980)
ø¿»ƒ 4:56:45  [Apache] 	Status change detected: stopped
ø¿»ƒ 4:56:46  [main] 	Deinitializing Modules
ø¿»ƒ 4:56:46  [main] 	Deinitializing Control Panel

ø¿»ƒ 2:16:56  [main] 	Initializing Control Panel
ø¿»ƒ 2:16:56  [main] 	Windows Version:  Enterprise  64-bit
ø¿»ƒ 2:16:56  [main] 	XAMPP Version: 7.3.12
ø¿»ƒ 2:16:56  [main] 	Control Panel Version: 3.2.4  [ Compiled: Jun 5th 2019 ]
ø¿»ƒ 2:16:56  [main] 	You are not running with administrator rights! This will work for
ø¿»ƒ 2:16:56  [main] 	most application stuff but whenever you do something with services
ø¿»ƒ 2:16:56  [main] 	there will be a security dialogue or things will break! So think 
ø¿»ƒ 2:16:56  [main] 	about running this application with administrator rights!
ø¿»ƒ 2:16:56  [main] 	XAMPP Installation Directory: "d:\github\php_xampp\xampp\"
ø¿»ƒ 2:16:56  [main] 	Checking for prerequisites
ø¿»ƒ 2:16:57  [main] 	All prerequisites found
ø¿»ƒ 2:16:57  [main] 	Initializing Modules
ø¿»ƒ 2:16:57  [main] 	Starting Check-Timer
ø¿»ƒ 2:16:57  [main] 	Control Panel Ready
ø¿»ƒ 2:17:00  [mysql] 	Attempting to start MySQL app...
ø¿»ƒ 2:17:00  [mysql] 	Status change detected: running
ø¿»ƒ 2:17:01  [Apache] 	Attempting to start Apache app...
ø¿»ƒ 2:17:01  [Apache] 	Status change detected: running
ø¿»ƒ 10:54:30  [mysql] 	Attempting to stop MySQL app...
ø¿»ƒ 10:54:30  [mysql] 	Status change detected: stopped
ø¿»ƒ 10:54:30  [Apache] 	Attempting to stop Apache (PID: 20008)
ø¿»ƒ 10:54:30  [Apache] 	Attempting to stop Apache (PID: 19652)
ø¿»ƒ 10:54:31  [Apache] 	Status change detected: stopped
ø¿»ƒ 10:54:31  [main] 	Deinitializing Modules
ø¿»ƒ 10:54:31  [main] 	Deinitializing Control Panel

ø¿¿¸ 10:50:25  [main] 	Initializing Control Panel
ø¿¿¸ 10:50:25  [main] 	Windows Version:  Enterprise  64-bit
ø¿¿¸ 10:50:25  [main] 	XAMPP Version: 7.3.12
ø¿¿¸ 10:50:25  [main] 	Control Panel Version: 3.2.4  [ Compiled: Jun 5th 2019 ]
ø¿¿¸ 10:50:25  [main] 	You are not running with administrator rights! This will work for
ø¿¿¸ 10:50:25  [main] 	most application stuff but whenever you do something with services
ø¿¿¸ 10:50:25  [main] 	there will be a security dialogue or things will break! So think 
ø¿¿¸ 10:50:25  [main] 	about running this application with administrator rights!
ø¿¿¸ 10:50:25  [main] 	XAMPP Installation Directory: "d:\github\php_xampp\xampp\"
ø¿¿¸ 10:50:25  [main] 	Checking for prerequisites
ø¿¿¸ 10:50:26  [main] 	All prerequisites found
ø¿¿¸ 10:50:26  [main] 	Initializing Modules
ø¿¿¸ 10:50:26  [main] 	Starting Check-Timer
ø¿¿¸ 10:50:26  [main] 	Control Panel Ready
ø¿¿¸ 10:50:38  [mysql] 	Attempting to start MySQL app...
ø¿¿¸ 10:50:38  [mysql] 	Status change detected: running
ø¿¿¸ 10:50:40  [mysql] 	Status change detected: stopped
ø¿¿¸ 10:50:40  [mysql] 	Error: MySQL shutdown unexpectedly.
ø¿¿¸ 10:50:40  [mysql] 	This may be due to a blocked port, missing dependencies, 
ø¿¿¸ 10:50:40  [mysql] 	improper privileges, a crash, or a shutdown by another method.
ø¿¿¸ 10:50:40  [mysql] 	Press the Logs button to view error logs and check
ø¿¿¸ 10:50:40  [mysql] 	the Windows Event Viewer for more clues
ø¿¿¸ 10:50:40  [mysql] 	If you need more help, copy and post this
ø¿¿¸ 10:50:40  [mysql] 	entire log window on the forums
ø¿¿¸ 10:55:03  [mysql] 	Attempting to start MySQL app...
ø¿¿¸ 10:55:03  [mysql] 	Status change detected: running
ø¿¿¸ 10:55:03  [mysql] 	Status change detected: stopped
ø¿¿¸ 10:55:03  [mysql] 	Error: MySQL shutdown unexpectedly.
ø¿¿¸ 10:55:03  [mysql] 	This may be due to a blocked port, missing dependencies, 
ø¿¿¸ 10:55:03  [mysql] 	improper privileges, a crash, or a shutdown by another method.
ø¿¿¸ 10:55:03  [mysql] 	Press the Logs button to view error logs and check
ø¿¿¸ 10:55:03  [mysql] 	the Windows Event Viewer for more clues
ø¿¿¸ 10:55:03  [mysql] 	If you need more help, copy and post this
ø¿¿¸ 10:55:03  [mysql] 	entire log window on the forums
ø¿¿¸ 10:55:28  [main] 	Deinitializing Modules
ø¿¿¸ 10:55:28  [main] 	Deinitializing Control Panel

ø¿¿¸ 10:55:34  [main] 	Initializing Control Panel
ø¿¿¸ 10:55:34  [main] 	Windows Version:  Enterprise  64-bit
ø¿¿¸ 10:55:34  [main] 	XAMPP Version: 7.3.12
ø¿¿¸ 10:55:34  [main] 	Control Panel Version: 3.2.4  [ Compiled: Jun 5th 2019 ]
ø¿¿¸ 10:55:34  [main] 	You are not running with administrator rights! This will work for
ø¿¿¸ 10:55:34  [main] 	most application stuff but whenever you do something with services
ø¿¿¸ 10:55:34  [main] 	there will be a security dialogue or things will break! So think 
ø¿¿¸ 10:55:34  [main] 	about running this application with administrator rights!
ø¿¿¸ 10:55:34  [main] 	XAMPP Installation Directory: "d:\github\php_xampp\xampp\"
ø¿¿¸ 10:55:34  [main] 	Checking for prerequisites
ø¿¿¸ 10:55:35  [main] 	All prerequisites found
ø¿¿¸ 10:55:35  [main] 	Initializing Modules
ø¿¿¸ 10:55:35  [main] 	Starting Check-Timer
ø¿¿¸ 10:55:35  [main] 	Control Panel Ready
ø¿¿¸ 10:55:36  [mysql] 	Attempting to start MySQL app...
ø¿¿¸ 10:55:37  [mysql] 	Status change detected: running
ø¿¿¸ 10:55:45  [Apache] 	Attempting to start Apache app...
ø¿¿¸ 10:55:45  [Apache] 	Status change detected: running
ø¿¿¸ 11:02:20  [Apache] 	Attempting to stop Apache (PID: 2784)
ø¿¿¸ 11:02:20  [Apache] 	Attempting to stop Apache (PID: 6016)
ø¿¿¸ 11:02:20  [Apache] 	Status change detected: stopped
ø¿»ƒ 2:00:12  [Apache] 	Attempting to start Apache app...
ø¿»ƒ 2:00:12  [Apache] 	Status change detected: running
ø¿»ƒ 4:58:55  [mysql] 	Attempting to stop MySQL app...
ø¿»ƒ 4:58:55  [mysql] 	Status change detected: stopped
ø¿»ƒ 4:58:55  [Apache] 	Attempting to stop Apache (PID: 8148)
ø¿»ƒ 4:58:55  [Apache] 	Attempting to stop Apache (PID: 16220)
ø¿»ƒ 4:58:56  [Apache] 	Status change detected: stopped
ø¿»ƒ 4:58:56  [main] 	Deinitializing Modules
ø¿»ƒ 4:58:56  [main] 	Deinitializing Control Panel

ø¿»ƒ 1:02:02  [main] 	Initializing Control Panel
ø¿»ƒ 1:02:02  [main] 	Windows Version:  Enterprise  64-bit
ø¿»ƒ 1:02:02  [main] 	XAMPP Version: 7.3.12
ø¿»ƒ 1:02:02  [main] 	Control Panel Version: 3.2.4  [ Compiled: Jun 5th 2019 ]
ø¿»ƒ 1:02:02  [main] 	You are not running with administrator rights! This will work for
ø¿»ƒ 1:02:02  [main] 	most application stuff but whenever you do something with services
ø¿»ƒ 1:02:02  [main] 	there will be a security dialogue or things will break! So think 
ø¿»ƒ 1:02:02  [main] 	about running this application with administrator rights!
ø¿»ƒ 1:02:02  [main] 	XAMPP Installation Directory: "d:\github\php_xampp\xampp\"
ø¿»ƒ 1:02:02  [main] 	Checking for prerequisites
ø¿»ƒ 1:02:04  [main] 	All prerequisites found
ø¿»ƒ 1:02:04  [main] 	Initializing Modules
ø¿»ƒ 1:02:04  [main] 	Starting Check-Timer
ø¿»ƒ 1:02:04  [main] 	Control Panel Ready
ø¿»ƒ 1:02:05  [mysql] 	Attempting to start MySQL app...
ø¿»ƒ 1:02:05  [mysql] 	Status change detected: running
ø¿»ƒ 1:02:06  [Apache] 	Attempting to start Apache app...
ø¿»ƒ 1:02:06  [Apache] 	Status change detected: running
ø¿»ƒ 1:02:34  [Apache] 	Attempting to stop Apache (PID: 6168)
ø¿»ƒ 1:02:34  [Apache] 	Attempting to stop Apache (PID: 16992)
ø¿»ƒ 1:02:34  [Apache] 	Status change detected: stopped
ø¿»ƒ 1:02:50  [Apache] 	Attempting to start Apache app...
ø¿»ƒ 1:02:50  [Apache] 	Status change detected: running
ø¿»ƒ 6:02:47  [mysql] 	Attempting to stop MySQL app...
ø¿»ƒ 6:02:47  [mysql] 	Status change detected: stopped
ø¿»ƒ 6:02:47  [Apache] 	Attempting to stop Apache (PID: 17392)
ø¿»ƒ 6:02:47  [Apache] 	Attempting to stop Apache (PID: 12656)
ø¿»ƒ 6:02:47  [Apache] 	Status change detected: stopped
ø¿»ƒ 6:02:48  [main] 	Deinitializing Modules
ø¿»ƒ 6:02:48  [main] 	Deinitializing Control Panel

ø¿¿¸ 9:56:05  [main] 	Initializing Control Panel
ø¿¿¸ 9:56:05  [main] 	Windows Version:  Enterprise  64-bit
ø¿¿¸ 9:56:05  [main] 	XAMPP Version: 7.3.12
ø¿¿¸ 9:56:05  [main] 	Control Panel Version: 3.2.4  [ Compiled: Jun 5th 2019 ]
ø¿¿¸ 9:56:05  [main] 	You are not running with administrator rights! This will work for
ø¿¿¸ 9:56:05  [main] 	most application stuff but whenever you do something with services
ø¿¿¸ 9:56:05  [main] 	there will be a security dialogue or things will break! So think 
ø¿¿¸ 9:56:05  [main] 	about running this application with administrator rights!
ø¿¿¸ 9:56:05  [main] 	XAMPP Installation Directory: "d:\github\php_xampp\xampp\"
ø¿¿¸ 9:56:05  [main] 	Checking for prerequisites
ø¿¿¸ 9:56:07  [main] 	All prerequisites found
ø¿¿¸ 9:56:07  [main] 	Initializing Modules
ø¿¿¸ 9:56:07  [main] 	Starting Check-Timer
ø¿¿¸ 9:56:07  [main] 	Control Panel Ready
ø¿¿¸ 9:56:09  [mysql] 	Attempting to start MySQL app...
ø¿¿¸ 9:56:09  [mysql] 	Status change detected: running
ø¿¿¸ 9:56:09  [Apache] 	Attempting to start Apache app...
ø¿¿¸ 9:56:09  [Apache] 	Status change detected: running
ø¿¿¸ 10:08:32  [mysql] 	Attempting to stop MySQL app...
ø¿¿¸ 10:08:32  [mysql] 	Status change detected: stopped
ø¿¿¸ 10:08:33  [Apache] 	Attempting to stop Apache (PID: 13196)
ø¿¿¸ 10:08:33  [Apache] 	Attempting to stop Apache (PID: 11088)
ø¿¿¸ 10:08:34  [Apache] 	Status change detected: stopped
ø¿¿¸ 10:08:34  [Apache] 	Attempting to start Apache app...
ø¿¿¸ 10:08:35  [Apache] 	Status change detected: running
ø¿¿¸ 10:08:35  [mysql] 	Attempting to start MySQL app...
ø¿¿¸ 10:08:35  [mysql] 	Status change detected: running
ø¿»ƒ 4:53:07  [mysql] 	Attempting to stop MySQL app...
ø¿»ƒ 4:53:07  [Apache] 	Attempting to stop Apache (PID: 17040)
ø¿»ƒ 4:53:07  [Apache] 	Attempting to stop Apache (PID: 8728)
ø¿»ƒ 4:53:07  [Apache] 	Status change detected: stopped
ø¿»ƒ 4:53:07  [mysql] 	Status change detected: stopped
ø¿»ƒ 4:53:08  [main] 	Deinitializing Modules
ø¿»ƒ 4:53:08  [main] 	Deinitializing Control Panel

ø¿¿¸ 10:35:05  [main] 	Initializing Control Panel
ø¿¿¸ 10:35:05  [main] 	Windows Version:  Enterprise  64-bit
ø¿¿¸ 10:35:05  [main] 	XAMPP Version: 7.3.12
ø¿¿¸ 10:35:05  [main] 	Control Panel Version: 3.2.4  [ Compiled: Jun 5th 2019 ]
ø¿¿¸ 10:35:05  [main] 	You are not running with administrator rights! This will work for
ø¿¿¸ 10:35:05  [main] 	most application stuff but whenever you do something with services
ø¿¿¸ 10:35:05  [main] 	there will be a security dialogue or things will break! So think 
ø¿¿¸ 10:35:05  [main] 	about running this application with administrator rights!
ø¿¿¸ 10:35:05  [main] 	XAMPP Installation Directory: "d:\github\php_xampp\xampp\"
ø¿¿¸ 10:35:05  [main] 	Checking for prerequisites
ø¿¿¸ 10:35:06  [main] 	All prerequisites found
ø¿¿¸ 10:35:06  [main] 	Initializing Modules
ø¿¿¸ 10:35:06  [main] 	Starting Check-Timer
ø¿¿¸ 10:35:06  [main] 	Control Panel Ready
ø¿¿¸ 10:35:09  [main] 	Deinitializing Modules
ø¿¿¸ 10:35:09  [main] 	Deinitializing Control Panel

ø¿»ƒ 9:15:02  [main] 	Initializing Control Panel
ø¿»ƒ 9:15:02  [main] 	Windows Version:  Enterprise  64-bit
ø¿»ƒ 9:15:02  [main] 	XAMPP Version: 7.3.12
ø¿»ƒ 9:15:02  [main] 	Control Panel Version: 3.2.4  [ Compiled: Jun 5th 2019 ]
ø¿»ƒ 9:15:02  [main] 	You are not running with administrator rights! This will work for
ø¿»ƒ 9:15:02  [main] 	most application stuff but whenever you do something with services
ø¿»ƒ 9:15:02  [main] 	there will be a security dialogue or things will break! So think 
ø¿»ƒ 9:15:02  [main] 	about running this application with administrator rights!
ø¿»ƒ 9:15:02  [main] 	XAMPP Installation Directory: "d:\github\php_xampp\xampp\"
ø¿»ƒ 9:15:02  [main] 	Checking for prerequisites
ø¿»ƒ 9:15:03  [main] 	All prerequisites found
ø¿»ƒ 9:15:03  [main] 	Initializing Modules
ø¿»ƒ 9:15:03  [main] 	Starting Check-Timer
ø¿»ƒ 9:15:03  [main] 	Control Panel Ready
ø¿»ƒ 9:15:05  [mysql] 	Attempting to start MySQL app...
ø¿»ƒ 9:15:05  [mysql] 	Status change detected: running
ø¿»ƒ 9:15:05  [Apache] 	Attempting to start Apache app...
ø¿»ƒ 9:15:06  [Apache] 	Status change detected: running
ø¿»ƒ 11:05:29  [Apache] 	Attempting to stop Apache (PID: 13336)
ø¿»ƒ 11:05:29  [Apache] 	Attempting to stop Apache (PID: 3884)
ø¿»ƒ 11:05:29  [Apache] 	Status change detected: stopped
ø¿»ƒ 11:05:29  [mysql] 	Attempting to stop MySQL app...
ø¿»ƒ 11:05:29  [mysql] 	Status change detected: stopped
ø¿»ƒ 11:05:31  [main] 	Deinitializing Modules
ø¿»ƒ 11:05:31  [main] 	Deinitializing Control Panel

ø¿»ƒ 7:45:08  [main] 	Initializing Control Panel
ø¿»ƒ 7:45:08  [main] 	Windows Version:  Enterprise  64-bit
ø¿»ƒ 7:45:08  [main] 	XAMPP Version: 7.3.12
ø¿»ƒ 7:45:08  [main] 	Control Panel Version: 3.2.4  [ Compiled: Jun 5th 2019 ]
ø¿»ƒ 7:45:08  [main] 	You are not running with administrator rights! This will work for
ø¿»ƒ 7:45:08  [main] 	most application stuff but whenever you do something with services
ø¿»ƒ 7:45:08  [main] 	there will be a security dialogue or things will break! So think 
ø¿»ƒ 7:45:08  [main] 	about running this application with administrator rights!
ø¿»ƒ 7:45:08  [main] 	XAMPP Installation Directory: "d:\github\php_xampp\xampp\"
ø¿»ƒ 7:45:08  [main] 	Checking for prerequisites
ø¿»ƒ 7:45:08  [main] 	All prerequisites found
ø¿»ƒ 7:45:08  [main] 	Initializing Modules
ø¿»ƒ 7:45:08  [main] 	Starting Check-Timer
ø¿»ƒ 7:45:08  [main] 	Control Panel Ready
ø¿»ƒ 7:45:51  [Apache] 	Attempting to start Apache app...
ø¿»ƒ 7:45:51  [mysql] 	Attempting to start MySQL app...
ø¿»ƒ 7:45:51  [Apache] 	Status change detected: running
ø¿»ƒ 7:45:51  [mysql] 	Status change detected: running
ø¿»ƒ 7:45:55  [mysql] 	Status change detected: stopped
ø¿»ƒ 7:45:55  [mysql] 	Error: MySQL shutdown unexpectedly.
ø¿»ƒ 7:45:55  [mysql] 	This may be due to a blocked port, missing dependencies, 
ø¿»ƒ 7:45:55  [mysql] 	improper privileges, a crash, or a shutdown by another method.
ø¿»ƒ 7:45:55  [mysql] 	Press the Logs button to view error logs and check
ø¿»ƒ 7:45:55  [mysql] 	the Windows Event Viewer for more clues
ø¿»ƒ 7:45:55  [mysql] 	If you need more help, copy and post this
ø¿»ƒ 7:45:55  [mysql] 	entire log window on the forums
ø¿»ƒ 7:46:00  [mysql] 	Attempting to start MySQL app...
ø¿»ƒ 7:46:00  [mysql] 	Status change detected: running
ø¿»ƒ 10:51:45  [mysql] 	Attempting to stop MySQL app...
ø¿»ƒ 10:51:46  [Apache] 	Attempting to stop Apache (PID: 4496)
ø¿»ƒ 10:51:46  [Apache] 	Attempting to stop Apache (PID: 16372)
ø¿»ƒ 10:51:46  [Apache] 	Status change detected: stopped
ø¿»ƒ 10:51:46  [mysql] 	Status change detected: stopped
ø¿»ƒ 10:51:47  [main] 	Deinitializing Modules
ø¿»ƒ 10:51:47  [main] 	Deinitializing Control Panel

ø¿»ƒ 5:14:07  [main] 	Initializing Control Panel
ø¿»ƒ 5:14:07  [main] 	Windows Version:  Enterprise  64-bit
ø¿»ƒ 5:14:07  [main] 	XAMPP Version: 7.3.12
ø¿»ƒ 5:14:07  [main] 	Control Panel Version: 3.2.4  [ Compiled: Jun 5th 2019 ]
ø¿»ƒ 5:14:07  [main] 	You are not running with administrator rights! This will work for
ø¿»ƒ 5:14:07  [main] 	most application stuff but whenever you do something with services
ø¿»ƒ 5:14:07  [main] 	there will be a security dialogue or things will break! So think 
ø¿»ƒ 5:14:07  [main] 	about running this application with administrator rights!
ø¿»ƒ 5:14:07  [main] 	XAMPP Installation Directory: "d:\github\php_xampp\xampp\"
ø¿»ƒ 5:14:07  [main] 	Checking for prerequisites
ø¿»ƒ 5:14:07  [main] 	All prerequisites found
ø¿»ƒ 5:14:07  [main] 	Initializing Modules
ø¿»ƒ 5:14:07  [main] 	Starting Check-Timer
ø¿»ƒ 5:14:07  [main] 	Control Panel Ready
ø¿»ƒ 5:14:09  [Apache] 	Attempting to start Apache app...
ø¿»ƒ 5:14:10  [Apache] 	Status change detected: running
ø¿»ƒ 5:14:10  [mysql] 	Attempting to start MySQL app...
ø¿»ƒ 5:14:10  [mysql] 	Status change detected: running
ø¿»ƒ 9:42:58  [mysql] 	Attempting to stop MySQL app...
ø¿»ƒ 9:42:58  [Apache] 	Attempting to stop Apache (PID: 21476)
ø¿»ƒ 9:42:58  [Apache] 	Attempting to stop Apache (PID: 1504)
ø¿»ƒ 9:42:58  [Apache] 	Status change detected: stopped
ø¿»ƒ 9:42:58  [mysql] 	Status change detected: stopped
ø¿»ƒ 9:42:59  [main] 	Deinitializing Modules
ø¿»ƒ 9:42:59  [main] 	Deinitializing Control Panel

ø¿»ƒ 5:11:59  [main] 	Initializing Control Panel
ø¿»ƒ 5:11:59  [main] 	Windows Version:  Enterprise  64-bit
ø¿»ƒ 5:11:59  [main] 	XAMPP Version: 7.3.12
ø¿»ƒ 5:11:59  [main] 	Control Panel Version: 3.2.4  [ Compiled: Jun 5th 2019 ]
ø¿»ƒ 5:11:59  [main] 	Running with Administrator rights - good!
ø¿»ƒ 5:11:59  [main] 	XAMPP Installation Directory: "d:\github\php_xampp\xampp\"
ø¿»ƒ 5:11:59  [main] 	Checking for prerequisites
ø¿»ƒ 5:12:00  [main] 	All prerequisites found
ø¿»ƒ 5:12:00  [main] 	Initializing Modules
ø¿»ƒ 5:12:00  [main] 	Starting Check-Timer
ø¿»ƒ 5:12:00  [main] 	Control Panel Ready
ø¿»ƒ 5:12:01  [mysql] 	Attempting to start MySQL app...
ø¿»ƒ 5:12:02  [mysql] 	Status change detected: running
ø¿»ƒ 5:12:02  [Apache] 	Attempting to start Apache app...
ø¿»ƒ 5:12:02  [Apache] 	Status change detected: running
ø¿»ƒ 5:50:41  [Apache] 	Attempting to stop Apache (PID: 8580)
ø¿»ƒ 5:50:41  [Apache] 	Attempting to stop Apache (PID: 21560)
ø¿»ƒ 5:50:41  [mysql] 	Attempting to stop MySQL app...
ø¿»ƒ 5:50:41  [Apache] 	Status change detected: stopped
ø¿»ƒ 5:50:41  [mysql] 	Status change detected: stopped
ø¿»ƒ 5:50:42  [main] 	Deinitializing Modules
ø¿»ƒ 5:50:42  [main] 	Deinitializing Control Panel

ø¿»ƒ 11:17:45  [main] 	Initializing Control Panel
ø¿»ƒ 11:17:45  [main] 	Windows Version:  Enterprise  64-bit
ø¿»ƒ 11:17:45  [main] 	XAMPP Version: 7.3.12
ø¿»ƒ 11:17:45  [main] 	Control Panel Version: 3.2.4  [ Compiled: Jun 5th 2019 ]
ø¿»ƒ 11:17:45  [main] 	You are not running with administrator rights! This will work for
ø¿»ƒ 11:17:45  [main] 	most application stuff but whenever you do something with services
ø¿»ƒ 11:17:45  [main] 	there will be a security dialogue or things will break! So think 
ø¿»ƒ 11:17:45  [main] 	about running this application with administrator rights!
ø¿»ƒ 11:17:45  [main] 	XAMPP Installation Directory: "d:\github\php_xampp\xampp\"
ø¿»ƒ 11:17:45  [main] 	Checking for prerequisites
ø¿»ƒ 11:17:45  [main] 	All prerequisites found
ø¿»ƒ 11:17:45  [main] 	Initializing Modules
ø¿»ƒ 11:17:45  [main] 	Starting Check-Timer
ø¿»ƒ 11:17:45  [main] 	Control Panel Ready
ø¿»ƒ 11:17:48  [mysql] 	Attempting to start MySQL app...
ø¿»ƒ 11:17:48  [mysql] 	Status change detected: running
ø¿»ƒ 11:17:48  [Apache] 	Attempting to start Apache app...
ø¿»ƒ 11:17:49  [Apache] 	Status change detected: running
ø¿¿¸ 12:11:51  [Apache] 	Attempting to stop Apache (PID: 15912)
ø¿¿¸ 12:11:51  [Apache] 	Attempting to stop Apache (PID: 13880)
ø¿¿¸ 12:11:51  [Apache] 	Status change detected: stopped
ø¿¿¸ 12:11:51  [mysql] 	Attempting to stop MySQL app...
ø¿¿¸ 12:11:51  [mysql] 	Status change detected: stopped
ø¿¿¸ 12:11:52  [main] 	Deinitializing Modules
ø¿¿¸ 12:11:52  [main] 	Deinitializing Control Panel

ø¿»ƒ 9:53:34  [main] 	Initializing Control Panel
ø¿»ƒ 9:53:34  [main] 	Windows Version:  Enterprise  64-bit
ø¿»ƒ 9:53:34  [main] 	XAMPP Version: 7.3.12
ø¿»ƒ 9:53:34  [main] 	Control Panel Version: 3.2.4  [ Compiled: Jun 5th 2019 ]
ø¿»ƒ 9:53:34  [main] 	You are not running with administrator rights! This will work for
ø¿»ƒ 9:53:34  [main] 	most application stuff but whenever you do something with services
ø¿»ƒ 9:53:34  [main] 	there will be a security dialogue or things will break! So think 
ø¿»ƒ 9:53:34  [main] 	about running this application with administrator rights!
ø¿»ƒ 9:53:34  [main] 	XAMPP Installation Directory: "d:\github\php_xampp\xampp\"
ø¿»ƒ 9:53:34  [main] 	Checking for prerequisites
ø¿»ƒ 9:53:34  [main] 	All prerequisites found
ø¿»ƒ 9:53:34  [main] 	Initializing Modules
ø¿»ƒ 9:53:34  [main] 	Starting Check-Timer
ø¿»ƒ 9:53:34  [main] 	Control Panel Ready
ø¿»ƒ 9:53:35  [Apache] 	Attempting to start Apache app...
ø¿»ƒ 9:53:36  [Apache] 	Status change detected: running
ø¿»ƒ 9:53:36  [filezilla] 	Attempting to start FileZilla app...
ø¿»ƒ 9:53:36  [filezilla] 	Status change detected: running
ø¿»ƒ 9:53:36  [mysql] 	Attempting to start MySQL app...
ø¿»ƒ 9:53:37  [mysql] 	Status change detected: running
ø¿»ƒ 9:53:38  [filezilla] 	Attempting to stop FileZilla app...
ø¿»ƒ 9:53:39  [filezilla] 	Status change detected: stopped
ø¿»ƒ 10:23:58  [mysql] 	Attempting to stop MySQL app...
ø¿»ƒ 10:23:58  [mysql] 	Status change detected: stopped
ø¿»ƒ 10:23:58  [Apache] 	Attempting to stop Apache (PID: 11804)
ø¿»ƒ 10:23:58  [Apache] 	Attempting to stop Apache (PID: 10028)
ø¿»ƒ 10:23:58  [Apache] 	Status change detected: stopped
ø¿»ƒ 10:23:59  [main] 	Deinitializing Modules
ø¿»ƒ 10:23:59  [main] 	Deinitializing Control Panel

ø¿»ƒ 2:45:26  [main] 	Initializing Control Panel
ø¿»ƒ 2:45:26  [main] 	Windows Version:  Enterprise  64-bit
ø¿»ƒ 2:45:26  [main] 	XAMPP Version: 7.3.12
ø¿»ƒ 2:45:26  [main] 	Control Panel Version: 3.2.4  [ Compiled: Jun 5th 2019 ]
ø¿»ƒ 2:45:26  [main] 	Running with Administrator rights - good!
ø¿»ƒ 2:45:26  [main] 	XAMPP Installation Directory: "d:\github\php_xampp\xampp\"
ø¿»ƒ 2:45:26  [main] 	Checking for prerequisites
ø¿»ƒ 2:45:27  [main] 	All prerequisites found
ø¿»ƒ 2:45:27  [main] 	Initializing Modules
ø¿»ƒ 2:45:27  [main] 	Starting Check-Timer
ø¿»ƒ 2:45:27  [main] 	Control Panel Ready
ø¿»ƒ 2:45:29  [mysql] 	Attempting to start MySQL app...
ø¿»ƒ 2:45:29  [Apache] 	Attempting to start Apache app...
ø¿»ƒ 2:45:30  [Apache] 	Status change detected: running
ø¿»ƒ 2:45:30  [mysql] 	Status change detected: running
ø¿»ƒ 2:46:24  [mysql] 	Status change detected: stopped
ø¿»ƒ 2:46:24  [mysql] 	Error: MySQL shutdown unexpectedly.
ø¿»ƒ 2:46:24  [mysql] 	This may be due to a blocked port, missing dependencies, 
ø¿»ƒ 2:46:24  [mysql] 	improper privileges, a crash, or a shutdown by another method.
ø¿»ƒ 2:46:24  [mysql] 	Press the Logs button to view error logs and check
ø¿»ƒ 2:46:24  [mysql] 	the Windows Event Viewer for more clues
ø¿»ƒ 2:46:24  [mysql] 	If you need more help, copy and post this
ø¿»ƒ 2:46:24  [mysql] 	entire log window on the forums
ø¿»ƒ 2:54:09  [mysql] 	Attempting to start MySQL app...
ø¿»ƒ 2:54:09  [mysql] 	Status change detected: running
ø¿»ƒ 4:17:23  [mysql] 	Attempting to stop MySQL app...
ø¿»ƒ 4:17:23  [mysql] 	Status change detected: stopped
ø¿»ƒ 4:17:23  [Apache] 	Attempting to stop Apache (PID: 23332)
ø¿»ƒ 4:17:23  [Apache] 	Attempting to stop Apache (PID: 11436)
ø¿»ƒ 4:17:24  [Apache] 	Status change detected: stopped
ø¿»ƒ 4:17:24  [main] 	Deinitializing Modules
ø¿»ƒ 4:17:24  [main] 	Deinitializing Control Panel

ø¿»ƒ 8:15:07  [main] 	Initializing Control Panel
ø¿»ƒ 8:15:07  [main] 	Windows Version:  Enterprise  64-bit
ø¿»ƒ 8:15:07  [main] 	XAMPP Version: 7.3.12
ø¿»ƒ 8:15:07  [main] 	Control Panel Version: 3.2.4  [ Compiled: Jun 5th 2019 ]
ø¿»ƒ 8:15:07  [main] 	You are not running with administrator rights! This will work for
ø¿»ƒ 8:15:07  [main] 	most application stuff but whenever you do something with services
ø¿»ƒ 8:15:07  [main] 	there will be a security dialogue or things will break! So think 
ø¿»ƒ 8:15:07  [main] 	about running this application with administrator rights!
ø¿»ƒ 8:15:07  [main] 	XAMPP Installation Directory: "d:\github\php_xampp\xampp\"
ø¿»ƒ 8:15:07  [main] 	Checking for prerequisites
ø¿»ƒ 8:15:08  [main] 	All prerequisites found
ø¿»ƒ 8:15:08  [main] 	Initializing Modules
ø¿»ƒ 8:15:08  [main] 	Starting Check-Timer
ø¿»ƒ 8:15:08  [main] 	Control Panel Ready
ø¿»ƒ 8:15:09  [Apache] 	Attempting to start Apache app...
ø¿»ƒ 8:15:09  [Apache] 	Status change detected: running
ø¿»ƒ 8:15:10  [mysql] 	Attempting to start MySQL app...
ø¿»ƒ 8:15:10  [mysql] 	Status change detected: running
ø¿»ƒ 8:17:35  [Apache] 	Attempting to stop Apache (PID: 8656)
ø¿»ƒ 8:17:35  [Apache] 	Attempting to stop Apache (PID: 9044)
ø¿»ƒ 8:17:35  [Apache] 	Status change detected: stopped
ø¿»ƒ 8:17:36  [Apache] 	Attempting to start Apache app...
ø¿»ƒ 8:17:36  [Apache] 	Status change detected: running
ø¿»ƒ 9:56:34  [mysql] 	Attempting to stop MySQL app...
ø¿»ƒ 9:56:34  [mysql] 	Status change detected: stopped
ø¿»ƒ 9:56:34  [Apache] 	Attempting to stop Apache (PID: 16868)
ø¿»ƒ 9:56:34  [Apache] 	Attempting to stop Apache (PID: 3428)
ø¿»ƒ 9:56:34  [Apache] 	Status change detected: stopped
ø¿»ƒ 9:56:36  [mysql] 	Attempting to start MySQL app...
ø¿»ƒ 9:56:37  [Apache] 	Attempting to start Apache app...
ø¿»ƒ 9:56:37  [Apache] 	Status change detected: running
ø¿»ƒ 9:56:37  [mysql] 	Status change detected: running
ø¿»ƒ 9:58:07  [Apache] 	Attempting to stop Apache (PID: 5484)
ø¿»ƒ 9:58:07  [Apache] 	Attempting to stop Apache (PID: 19412)
ø¿»ƒ 9:58:07  [Apache] 	Status change detected: stopped
ø¿»ƒ 9:58:07  [mysql] 	Attempting to stop MySQL app...
ø¿»ƒ 9:58:07  [mysql] 	Status change detected: stopped
ø¿»ƒ 9:58:11  [Apache] 	Attempting to start Apache app...
ø¿»ƒ 9:58:11  [mysql] 	Attempting to start MySQL app...
ø¿»ƒ 9:58:11  [Apache] 	Status change detected: running
ø¿»ƒ 9:58:11  [mysql] 	Status change detected: running
ø¿»ƒ 10:35:43  [Apache] 	Attempting to stop Apache (PID: 16648)
ø¿»ƒ 10:35:43  [Apache] 	Attempting to stop Apache (PID: 5412)
ø¿»ƒ 10:35:44  [Apache] 	Status change detected: stopped
ø¿»ƒ 10:35:44  [mysql] 	Attempting to stop MySQL app...
ø¿»ƒ 10:35:44  [mysql] 	Status change detected: stopped
ø¿»ƒ 10:35:45  [main] 	Deinitializing Modules
ø¿»ƒ 10:35:45  [main] 	Deinitializing Control Panel

ø¿»ƒ 10:44:54  [main] 	Initializing Control Panel
ø¿»ƒ 10:44:54  [main] 	Windows Version:  Enterprise  64-bit
ø¿»ƒ 10:44:54  [main] 	XAMPP Version: 7.3.12
ø¿»ƒ 10:44:54  [main] 	Control Panel Version: 3.2.4  [ Compiled: Jun 5th 2019 ]
ø¿»ƒ 10:44:54  [main] 	You are not running with administrator rights! This will work for
ø¿»ƒ 10:44:54  [main] 	most application stuff but whenever you do something with services
ø¿»ƒ 10:44:54  [main] 	there will be a security dialogue or things will break! So think 
ø¿»ƒ 10:44:54  [main] 	about running this application with administrator rights!
ø¿»ƒ 10:44:54  [main] 	XAMPP Installation Directory: "d:\github\php_xampp\xampp\"
ø¿»ƒ 10:44:54  [main] 	Checking for prerequisites
ø¿»ƒ 10:44:54  [main] 	All prerequisites found
ø¿»ƒ 10:44:54  [main] 	Initializing Modules
ø¿»ƒ 10:44:54  [main] 	Starting Check-Timer
ø¿»ƒ 10:44:54  [main] 	Control Panel Ready
ø¿»ƒ 10:44:55  [mysql] 	Attempting to start MySQL app...
ø¿»ƒ 10:44:56  [mysql] 	Status change detected: running
ø¿»ƒ 10:44:56  [Apache] 	Attempting to start Apache app...
ø¿»ƒ 10:44:56  [Apache] 	Status change detected: running
ø¿»ƒ 11:09:20  [Apache] 	Attempting to stop Apache (PID: 12700)
ø¿»ƒ 11:09:20  [Apache] 	Attempting to stop Apache (PID: 11372)
ø¿»ƒ 11:09:20  [mysql] 	Attempting to stop MySQL app...
ø¿»ƒ 11:09:21  [Apache] 	Status change detected: stopped
ø¿»ƒ 11:09:21  [mysql] 	Status change detected: stopped
ø¿»ƒ 11:09:21  [main] 	Deinitializing Modules
ø¿»ƒ 11:09:21  [main] 	Deinitializing Control Panel

ø¿»ƒ 9:33:40  [main] 	Initializing Control Panel
ø¿»ƒ 9:33:40  [main] 	Windows Version:  Enterprise  64-bit
ø¿»ƒ 9:33:40  [main] 	XAMPP Version: 7.3.12
ø¿»ƒ 9:33:40  [main] 	Control Panel Version: 3.2.4  [ Compiled: Jun 5th 2019 ]
ø¿»ƒ 9:33:40  [main] 	You are not running with administrator rights! This will work for
ø¿»ƒ 9:33:40  [main] 	most application stuff but whenever you do something with services
ø¿»ƒ 9:33:40  [main] 	there will be a security dialogue or things will break! So think 
ø¿»ƒ 9:33:40  [main] 	about running this application with administrator rights!
ø¿»ƒ 9:33:40  [main] 	XAMPP Installation Directory: "d:\github\php_xampp\xampp\"
ø¿»ƒ 9:33:40  [main] 	Checking for prerequisites
ø¿»ƒ 9:33:41  [main] 	All prerequisites found
ø¿»ƒ 9:33:41  [main] 	Initializing Modules
ø¿»ƒ 9:33:41  [main] 	Starting Check-Timer
ø¿»ƒ 9:33:41  [main] 	Control Panel Ready
ø¿»ƒ 9:33:42  [mysql] 	Attempting to start MySQL app...
ø¿»ƒ 9:33:42  [mysql] 	Status change detected: running
ø¿»ƒ 9:33:42  [Apache] 	Attempting to start Apache app...
ø¿»ƒ 9:33:43  [Apache] 	Status change detected: running
ø¿»ƒ 10:51:25  [Apache] 	Attempting to stop Apache (PID: 8520)
ø¿»ƒ 10:51:25  [Apache] 	Attempting to stop Apache (PID: 8676)
ø¿»ƒ 10:51:25  [mysql] 	Attempting to stop MySQL app...
ø¿»ƒ 10:51:25  [Apache] 	Status change detected: stopped
ø¿»ƒ 10:51:25  [mysql] 	Status change detected: stopped
ø¿»ƒ 10:51:25  [main] 	Deinitializing Modules
ø¿»ƒ 10:51:25  [main] 	Deinitializing Control Panel

ø¿»ƒ 8:23:22  [main] 	Initializing Control Panel
ø¿»ƒ 8:23:22  [main] 	Windows Version:  Enterprise  64-bit
ø¿»ƒ 8:23:22  [main] 	XAMPP Version: 7.3.12
ø¿»ƒ 8:23:22  [main] 	Control Panel Version: 3.2.4  [ Compiled: Jun 5th 2019 ]
ø¿»ƒ 8:23:22  [main] 	You are not running with administrator rights! This will work for
ø¿»ƒ 8:23:22  [main] 	most application stuff but whenever you do something with services
ø¿»ƒ 8:23:22  [main] 	there will be a security dialogue or things will break! So think 
ø¿»ƒ 8:23:22  [main] 	about running this application with administrator rights!
ø¿»ƒ 8:23:22  [main] 	XAMPP Installation Directory: "d:\github\php_xampp\xampp\"
ø¿»ƒ 8:23:22  [main] 	Checking for prerequisites
ø¿»ƒ 8:23:22  [main] 	All prerequisites found
ø¿»ƒ 8:23:22  [main] 	Initializing Modules
ø¿»ƒ 8:23:22  [main] 	Starting Check-Timer
ø¿»ƒ 8:23:22  [main] 	Control Panel Ready
ø¿»ƒ 8:23:24  [mysql] 	Attempting to start MySQL app...
ø¿»ƒ 8:23:24  [mysql] 	Status change detected: running
ø¿»ƒ 8:23:24  [mysql] 	Attempting to stop MySQL app...
ø¿»ƒ 8:23:24  [Apache] 	Attempting to start Apache app...
ø¿»ƒ 8:23:24  [Apache] 	Status change detected: running
ø¿»ƒ 8:23:24  [mysql] 	Status change detected: stopped
ø¿»ƒ 8:23:25  [mysql] 	Attempting to start MySQL app...
ø¿»ƒ 8:23:25  [mysql] 	Status change detected: running
ø¿¿¸ 12:00:46  [main] 	Deinitializing Modules
ø¿¿¸ 12:00:46  [main] 	Deinitializing Control Panel

ø¿»ƒ 10:11:29  [main] 	Initializing Control Panel
ø¿»ƒ 10:11:29  [main] 	Windows Version:  Enterprise  64-bit
ø¿»ƒ 10:11:29  [main] 	XAMPP Version: 7.3.12
ø¿»ƒ 10:11:29  [main] 	Control Panel Version: 3.2.4  [ Compiled: Jun 5th 2019 ]
ø¿»ƒ 10:11:29  [main] 	You are not running with administrator rights! This will work for
ø¿»ƒ 10:11:29  [main] 	most application stuff but whenever you do something with services
ø¿»ƒ 10:11:29  [main] 	there will be a security dialogue or things will break! So think 
ø¿»ƒ 10:11:29  [main] 	about running this application with administrator rights!
ø¿»ƒ 10:11:29  [main] 	XAMPP Installation Directory: "d:\github\php_xampp\xampp\"
ø¿»ƒ 10:11:29  [main] 	Checking for prerequisites
ø¿»ƒ 10:11:29  [main] 	All prerequisites found
ø¿»ƒ 10:11:29  [main] 	Initializing Modules
ø¿»ƒ 10:11:29  [main] 	Starting Check-Timer
ø¿»ƒ 10:11:29  [main] 	Control Panel Ready
ø¿»ƒ 10:11:44  [Apache] 	Attempting to start Apache app...
ø¿»ƒ 10:11:44  [Apache] 	Status change detected: running
ø¿»ƒ 10:11:44  [mysql] 	Attempting to start MySQL app...
ø¿»ƒ 10:11:44  [mysql] 	Status change detected: running
ø¿»ƒ 11:06:06  [Apache] 	Attempting to stop Apache (PID: 17208)
ø¿»ƒ 11:06:06  [Apache] 	Attempting to stop Apache (PID: 14220)
ø¿»ƒ 11:06:06  [Apache] 	Status change detected: stopped
ø¿»ƒ 11:06:06  [mysql] 	Attempting to stop MySQL app...
ø¿»ƒ 11:06:07  [mysql] 	Status change detected: stopped
ø¿»ƒ 11:06:07  [main] 	Deinitializing Modules
ø¿»ƒ 11:06:07  [main] 	Deinitializing Control Panel

ø¿»ƒ 8:54:22  [main] 	Initializing Control Panel
ø¿»ƒ 8:54:22  [main] 	Windows Version:  Enterprise  64-bit
ø¿»ƒ 8:54:22  [main] 	XAMPP Version: 7.3.12
ø¿»ƒ 8:54:22  [main] 	Control Panel Version: 3.2.4  [ Compiled: Jun 5th 2019 ]
ø¿»ƒ 8:54:22  [main] 	You are not running with administrator rights! This will work for
ø¿»ƒ 8:54:22  [main] 	most application stuff but whenever you do something with services
ø¿»ƒ 8:54:22  [main] 	there will be a security dialogue or things will break! So think 
ø¿»ƒ 8:54:22  [main] 	about running this application with administrator rights!
ø¿»ƒ 8:54:22  [main] 	XAMPP Installation Directory: "d:\github\php_xampp\xampp\"
ø¿»ƒ 8:54:22  [main] 	Checking for prerequisites
ø¿»ƒ 8:54:22  [main] 	All prerequisites found
ø¿»ƒ 8:54:22  [main] 	Initializing Modules
ø¿»ƒ 8:54:22  [main] 	Starting Check-Timer
ø¿»ƒ 8:54:22  [main] 	Control Panel Ready
ø¿»ƒ 8:54:24  [Apache] 	Attempting to start Apache app...
ø¿»ƒ 8:54:24  [Apache] 	Status change detected: running
ø¿»ƒ 8:54:25  [mysql] 	Attempting to start MySQL app...
ø¿»ƒ 8:54:25  [mysql] 	Status change detected: running
ø¿»ƒ 10:28:59  [Apache] 	Attempting to stop Apache (PID: 174112)
ø¿»ƒ 10:28:59  [Apache] 	Attempting to stop Apache (PID: 175508)
ø¿»ƒ 10:29:00  [mysql] 	Attempting to stop MySQL app...
ø¿»ƒ 10:29:00  [Apache] 	Status change detected: stopped
ø¿»ƒ 10:29:00  [mysql] 	Status change detected: stopped
ø¿»ƒ 10:29:01  [main] 	Deinitializing Modules
ø¿»ƒ 10:29:01  [main] 	Deinitializing Control Panel

ø¿»ƒ 8:25:20  [main] 	Initializing Control Panel
ø¿»ƒ 8:25:20  [main] 	Windows Version:  Enterprise  64-bit
ø¿»ƒ 8:25:20  [main] 	XAMPP Version: 7.3.12
ø¿»ƒ 8:25:20  [main] 	Control Panel Version: 3.2.4  [ Compiled: Jun 5th 2019 ]
ø¿»ƒ 8:25:20  [main] 	You are not running with administrator rights! This will work for
ø¿»ƒ 8:25:20  [main] 	most application stuff but whenever you do something with services
ø¿»ƒ 8:25:20  [main] 	there will be a security dialogue or things will break! So think 
ø¿»ƒ 8:25:20  [main] 	about running this application with administrator rights!
ø¿»ƒ 8:25:20  [main] 	XAMPP Installation Directory: "d:\github\php_xampp\xampp\"
ø¿»ƒ 8:25:20  [main] 	Checking for prerequisites
ø¿»ƒ 8:25:21  [main] 	All prerequisites found
ø¿»ƒ 8:25:21  [main] 	Initializing Modules
ø¿»ƒ 8:25:21  [main] 	Starting Check-Timer
ø¿»ƒ 8:25:21  [main] 	Control Panel Ready
ø¿»ƒ 8:25:23  [Apache] 	Attempting to start Apache app...
ø¿»ƒ 8:25:23  [Apache] 	Status change detected: running
ø¿»ƒ 8:25:23  [mysql] 	Attempting to start MySQL app...
ø¿»ƒ 8:25:23  [mysql] 	Status change detected: running
ø¿»ƒ 10:32:28  [mysql] 	Attempting to stop MySQL app...
ø¿»ƒ 10:32:28  [Apache] 	Attempting to stop Apache (PID: 4516)
ø¿»ƒ 10:32:28  [Apache] 	Attempting to stop Apache (PID: 1808)
ø¿»ƒ 10:32:28  [Apache] 	Status change detected: stopped
ø¿»ƒ 10:32:28  [mysql] 	Status change detected: stopped
ø¿»ƒ 10:32:29  [main] 	Deinitializing Modules
ø¿»ƒ 10:32:29  [main] 	Deinitializing Control Panel

ø¿»ƒ 9:09:32  [main] 	Initializing Control Panel
ø¿»ƒ 9:09:32  [main] 	Windows Version:  Enterprise  64-bit
ø¿»ƒ 9:09:32  [main] 	XAMPP Version: 7.3.12
ø¿»ƒ 9:09:32  [main] 	Control Panel Version: 3.2.4  [ Compiled: Jun 5th 2019 ]
ø¿»ƒ 9:09:32  [main] 	You are not running with administrator rights! This will work for
ø¿»ƒ 9:09:32  [main] 	most application stuff but whenever you do something with services
ø¿»ƒ 9:09:32  [main] 	there will be a security dialogue or things will break! So think 
ø¿»ƒ 9:09:32  [main] 	about running this application with administrator rights!
ø¿»ƒ 9:09:32  [main] 	XAMPP Installation Directory: "d:\github\php_xampp\xampp\"
ø¿»ƒ 9:09:32  [main] 	Checking for prerequisites
ø¿»ƒ 9:09:33  [main] 	All prerequisites found
ø¿»ƒ 9:09:33  [main] 	Initializing Modules
ø¿»ƒ 9:09:33  [main] 	Starting Check-Timer
ø¿»ƒ 9:09:33  [main] 	Control Panel Ready
ø¿»ƒ 9:09:35  [mysql] 	Attempting to start MySQL app...
ø¿»ƒ 9:09:35  [Apache] 	Attempting to start Apache app...
ø¿»ƒ 9:09:35  [Apache] 	Status change detected: running
ø¿»ƒ 9:09:35  [mysql] 	Status change detected: running
ø¿»ƒ 10:45:29  [Apache] 	Attempting to stop Apache (PID: 224268)
ø¿»ƒ 10:45:29  [Apache] 	Attempting to stop Apache (PID: 224136)
ø¿»ƒ 10:45:29  [Apache] 	Status change detected: stopped
ø¿»ƒ 10:45:29  [mysql] 	Attempting to stop MySQL app...
ø¿»ƒ 10:45:29  [mysql] 	Status change detected: stopped
ø¿»ƒ 10:45:30  [main] 	Deinitializing Modules
ø¿»ƒ 10:45:30  [main] 	Deinitializing Control Panel

ø¿»ƒ 10:32:58  [main] 	Initializing Control Panel
ø¿»ƒ 10:32:58  [main] 	Windows Version:  Enterprise  64-bit
ø¿»ƒ 10:32:58  [main] 	XAMPP Version: 7.3.12
ø¿»ƒ 10:32:58  [main] 	Control Panel Version: 3.2.4  [ Compiled: Jun 5th 2019 ]
ø¿»ƒ 10:32:58  [main] 	You are not running with administrator rights! This will work for
ø¿»ƒ 10:32:58  [main] 	most application stuff but whenever you do something with services
ø¿»ƒ 10:32:58  [main] 	there will be a security dialogue or things will break! So think 
ø¿»ƒ 10:32:58  [main] 	about running this application with administrator rights!
ø¿»ƒ 10:32:58  [main] 	XAMPP Installation Directory: "d:\github\php_xampp\xampp\"
ø¿»ƒ 10:32:58  [main] 	Checking for prerequisites
ø¿»ƒ 10:32:59  [main] 	All prerequisites found
ø¿»ƒ 10:32:59  [main] 	Initializing Modules
ø¿»ƒ 10:32:59  [main] 	Starting Check-Timer
ø¿»ƒ 10:32:59  [main] 	Control Panel Ready
ø¿»ƒ 10:33:00  [Apache] 	Attempting to start Apache app...
ø¿»ƒ 10:33:00  [mysql] 	Attempting to start MySQL app...
ø¿»ƒ 10:33:00  [Apache] 	Status change detected: running
ø¿»ƒ 10:33:00  [mysql] 	Status change detected: running
ø¿»ƒ 10:33:01  [mysql] 	Status change detected: stopped
ø¿»ƒ 10:33:01  [mysql] 	Error: MySQL shutdown unexpectedly.
ø¿»ƒ 10:33:01  [mysql] 	This may be due to a blocked port, missing dependencies, 
ø¿»ƒ 10:33:01  [mysql] 	improper privileges, a crash, or a shutdown by another method.
ø¿»ƒ 10:33:01  [mysql] 	Press the Logs button to view error logs and check
ø¿»ƒ 10:33:01  [mysql] 	the Windows Event Viewer for more clues
ø¿»ƒ 10:33:01  [mysql] 	If you need more help, copy and post this
ø¿»ƒ 10:33:01  [mysql] 	entire log window on the forums
ø¿»ƒ 10:33:11  [mysql] 	Attempting to start MySQL app...
ø¿»ƒ 10:33:11  [mysql] 	Status change detected: running
ø¿»ƒ 10:37:43  [mysql] 	Attempting to stop MySQL app...
ø¿»ƒ 10:37:44  [mysql] 	Status change detected: stopped
ø¿»ƒ 10:37:44  [Apache] 	Attempting to stop Apache (PID: 13360)
ø¿»ƒ 10:37:44  [Apache] 	Attempting to stop Apache (PID: 14836)
ø¿»ƒ 10:37:44  [Apache] 	Status change detected: stopped
ø¿»ƒ 10:37:45  [main] 	Deinitializing Modules
ø¿»ƒ 10:37:45  [main] 	Deinitializing Control Panel

ø¿»ƒ 10:42:06  [main] 	Initializing Control Panel
ø¿»ƒ 10:42:06  [main] 	Windows Version:  Enterprise  64-bit
ø¿»ƒ 10:42:06  [main] 	XAMPP Version: 7.3.12
ø¿»ƒ 10:42:06  [main] 	Control Panel Version: 3.2.4  [ Compiled: Jun 5th 2019 ]
ø¿»ƒ 10:42:06  [main] 	You are not running with administrator rights! This will work for
ø¿»ƒ 10:42:06  [main] 	most application stuff but whenever you do something with services
ø¿»ƒ 10:42:06  [main] 	there will be a security dialogue or things will break! So think 
ø¿»ƒ 10:42:06  [main] 	about running this application with administrator rights!
ø¿»ƒ 10:42:06  [main] 	XAMPP Installation Directory: "d:\github\php_xampp\xampp\"
ø¿»ƒ 10:42:06  [main] 	Checking for prerequisites
ø¿»ƒ 10:42:07  [main] 	All prerequisites found
ø¿»ƒ 10:42:07  [main] 	Initializing Modules
ø¿»ƒ 10:42:07  [main] 	Starting Check-Timer
ø¿»ƒ 10:42:07  [main] 	Control Panel Ready
ø¿»ƒ 10:42:09  [Apache] 	Attempting to start Apache app...
ø¿»ƒ 10:42:09  [Apache] 	Status change detected: running
ø¿»ƒ 10:42:09  [mysql] 	Attempting to start MySQL app...
ø¿»ƒ 10:42:09  [mysql] 	Status change detected: running
ø¿»ƒ 10:42:10  [mysql] 	Status change detected: stopped
ø¿»ƒ 10:42:10  [mysql] 	Error: MySQL shutdown unexpectedly.
ø¿»ƒ 10:42:10  [mysql] 	This may be due to a blocked port, missing dependencies, 
ø¿»ƒ 10:42:10  [mysql] 	improper privileges, a crash, or a shutdown by another method.
ø¿»ƒ 10:42:10  [mysql] 	Press the Logs button to view error logs and check
ø¿»ƒ 10:42:10  [mysql] 	the Windows Event Viewer for more clues
ø¿»ƒ 10:42:10  [mysql] 	If you need more help, copy and post this
ø¿»ƒ 10:42:10  [mysql] 	entire log window on the forums
ø¿»ƒ 10:42:12  [mysql] 	Attempting to start MySQL app...
ø¿»ƒ 10:42:12  [mysql] 	Status change detected: running
ø¿»ƒ 11:04:43  [mysql] 	Attempting to stop MySQL app...
ø¿»ƒ 11:04:43  [mysql] 	Status change detected: stopped
ø¿»ƒ 11:04:43  [Apache] 	Attempting to stop Apache (PID: 8304)
ø¿»ƒ 11:04:43  [Apache] 	Attempting to stop Apache (PID: 11236)
ø¿»ƒ 11:04:44  [Apache] 	Status change detected: stopped
ø¿»ƒ 11:04:44  [main] 	Deinitializing Modules
ø¿»ƒ 11:04:44  [main] 	Deinitializing Control Panel

ø¿»ƒ 9:36:57  [main] 	Initializing Control Panel
ø¿»ƒ 9:36:57  [main] 	Windows Version:  Enterprise  64-bit
ø¿»ƒ 9:36:57  [main] 	XAMPP Version: 7.3.12
ø¿»ƒ 9:36:57  [main] 	Control Panel Version: 3.2.4  [ Compiled: Jun 5th 2019 ]
ø¿»ƒ 9:36:57  [main] 	You are not running with administrator rights! This will work for
ø¿»ƒ 9:36:57  [main] 	most application stuff but whenever you do something with services
ø¿»ƒ 9:36:57  [main] 	there will be a security dialogue or things will break! So think 
ø¿»ƒ 9:36:57  [main] 	about running this application with administrator rights!
ø¿»ƒ 9:36:57  [main] 	XAMPP Installation Directory: "d:\github\php_xampp\xampp\"
ø¿»ƒ 9:36:57  [main] 	Checking for prerequisites
ø¿»ƒ 9:36:58  [main] 	All prerequisites found
ø¿»ƒ 9:36:58  [main] 	Initializing Modules
ø¿»ƒ 9:36:58  [main] 	Starting Check-Timer
ø¿»ƒ 9:36:58  [main] 	Control Panel Ready
ø¿»ƒ 9:36:59  [mysql] 	Attempting to start MySQL app...
ø¿»ƒ 9:36:59  [Apache] 	Attempting to start Apache app...
ø¿»ƒ 9:36:59  [Apache] 	Status change detected: running
ø¿»ƒ 9:36:59  [mysql] 	Status change detected: running
ø¿»ƒ 10:29:58  [mysql] 	Attempting to stop MySQL app...
ø¿»ƒ 10:29:58  [mysql] 	Status change detected: stopped
ø¿»ƒ 10:29:58  [Apache] 	Attempting to stop Apache (PID: 13036)
ø¿»ƒ 10:29:58  [Apache] 	Attempting to stop Apache (PID: 3304)
ø¿»ƒ 10:29:59  [Apache] 	Status change detected: stopped
ø¿»ƒ 10:29:59  [main] 	Deinitializing Modules
ø¿»ƒ 10:29:59  [main] 	Deinitializing Control Panel

ø¿»ƒ 11:03:03  [main] 	Initializing Control Panel
ø¿»ƒ 11:03:03  [main] 	Windows Version:  Enterprise  64-bit
ø¿»ƒ 11:03:03  [main] 	XAMPP Version: 7.3.12
ø¿»ƒ 11:03:03  [main] 	Control Panel Version: 3.2.4  [ Compiled: Jun 5th 2019 ]
ø¿»ƒ 11:03:03  [main] 	You are not running with administrator rights! This will work for
ø¿»ƒ 11:03:03  [main] 	most application stuff but whenever you do something with services
ø¿»ƒ 11:03:03  [main] 	there will be a security dialogue or things will break! So think 
ø¿»ƒ 11:03:03  [main] 	about running this application with administrator rights!
ø¿»ƒ 11:03:03  [main] 	XAMPP Installation Directory: "d:\github\php_xampp\xampp\"
ø¿»ƒ 11:03:03  [main] 	Checking for prerequisites
ø¿»ƒ 11:03:04  [main] 	All prerequisites found
ø¿»ƒ 11:03:04  [main] 	Initializing Modules
ø¿»ƒ 11:03:04  [main] 	Starting Check-Timer
ø¿»ƒ 11:03:04  [main] 	Control Panel Ready
ø¿»ƒ 11:03:05  [Apache] 	Attempting to start Apache app...
ø¿»ƒ 11:03:05  [mysql] 	Attempting to start MySQL app...
ø¿»ƒ 11:03:06  [Apache] 	Status change detected: running
ø¿»ƒ 11:03:06  [mysql] 	Status change detected: running
ø¿»ƒ 11:35:31  [mysql] 	Attempting to stop MySQL app...
ø¿»ƒ 11:35:32  [mysql] 	Status change detected: stopped
ø¿»ƒ 11:35:32  [Apache] 	Attempting to stop Apache (PID: 17428)
ø¿»ƒ 11:35:32  [Apache] 	Attempting to stop Apache (PID: 19324)
ø¿»ƒ 11:35:32  [Apache] 	Status change detected: stopped
ø¿»ƒ 11:35:33  [main] 	Deinitializing Modules
ø¿»ƒ 11:35:33  [main] 	Deinitializing Control Panel

ø¿»ƒ 9:32:00  [main] 	Initializing Control Panel
ø¿»ƒ 9:32:00  [main] 	Windows Version:  Enterprise  64-bit
ø¿»ƒ 9:32:00  [main] 	XAMPP Version: 7.3.12
ø¿»ƒ 9:32:00  [main] 	Control Panel Version: 3.2.4  [ Compiled: Jun 5th 2019 ]
ø¿»ƒ 9:32:00  [main] 	You are not running with administrator rights! This will work for
ø¿»ƒ 9:32:00  [main] 	most application stuff but whenever you do something with services
ø¿»ƒ 9:32:00  [main] 	there will be a security dialogue or things will break! So think 
ø¿»ƒ 9:32:00  [main] 	about running this application with administrator rights!
ø¿»ƒ 9:32:00  [main] 	XAMPP Installation Directory: "d:\github\php_xampp\xampp\"
ø¿»ƒ 9:32:00  [main] 	Checking for prerequisites
ø¿»ƒ 9:32:01  [main] 	All prerequisites found
ø¿»ƒ 9:32:01  [main] 	Initializing Modules
ø¿»ƒ 9:32:01  [main] 	Starting Check-Timer
ø¿»ƒ 9:32:01  [main] 	Control Panel Ready
ø¿»ƒ 9:32:03  [Apache] 	Attempting to start Apache app...
ø¿»ƒ 9:32:04  [mysql] 	Attempting to start MySQL app...
ø¿»ƒ 9:32:04  [Apache] 	Status change detected: running
ø¿»ƒ 9:32:04  [mysql] 	Status change detected: running
ø¿»ƒ 9:32:04  [mysql] 	Status change detected: stopped
ø¿»ƒ 9:32:04  [mysql] 	Error: MySQL shutdown unexpectedly.
ø¿»ƒ 9:32:04  [mysql] 	This may be due to a blocked port, missing dependencies, 
ø¿»ƒ 9:32:04  [mysql] 	improper privileges, a crash, or a shutdown by another method.
ø¿»ƒ 9:32:04  [mysql] 	Press the Logs button to view error logs and check
ø¿»ƒ 9:32:04  [mysql] 	the Windows Event Viewer for more clues
ø¿»ƒ 9:32:04  [mysql] 	If you need more help, copy and post this
ø¿»ƒ 9:32:04  [mysql] 	entire log window on the forums
ø¿»ƒ 9:32:06  [mysql] 	Attempting to start MySQL app...
ø¿»ƒ 9:32:06  [mysql] 	Status change detected: running
ø¿»ƒ 11:11:15  [mysql] 	Attempting to stop MySQL app...
ø¿»ƒ 11:11:15  [Apache] 	Attempting to stop Apache (PID: 17284)
ø¿»ƒ 11:11:15  [Apache] 	Attempting to stop Apache (PID: 7972)
ø¿»ƒ 11:11:16  [Apache] 	Status change detected: stopped
ø¿»ƒ 11:11:16  [mysql] 	Status change detected: stopped
ø¿»ƒ 11:11:16  [main] 	Deinitializing Modules
ø¿»ƒ 11:11:16  [main] 	Deinitializing Control Panel

ø¿»ƒ 9:01:39  [main] 	Initializing Control Panel
ø¿»ƒ 9:01:39  [main] 	Windows Version:  Enterprise  64-bit
ø¿»ƒ 9:01:39  [main] 	XAMPP Version: 7.3.12
ø¿»ƒ 9:01:39  [main] 	Control Panel Version: 3.2.4  [ Compiled: Jun 5th 2019 ]
ø¿»ƒ 9:01:39  [main] 	You are not running with administrator rights! This will work for
ø¿»ƒ 9:01:39  [main] 	most application stuff but whenever you do something with services
ø¿»ƒ 9:01:39  [main] 	there will be a security dialogue or things will break! So think 
ø¿»ƒ 9:01:39  [main] 	about running this application with administrator rights!
ø¿»ƒ 9:01:39  [main] 	XAMPP Installation Directory: "d:\github\php_xampp\xampp\"
ø¿»ƒ 9:01:39  [main] 	Checking for prerequisites
ø¿»ƒ 9:01:40  [main] 	All prerequisites found
ø¿»ƒ 9:01:40  [main] 	Initializing Modules
ø¿»ƒ 9:01:40  [main] 	Starting Check-Timer
ø¿»ƒ 9:01:40  [main] 	Control Panel Ready
ø¿»ƒ 9:01:43  [Apache] 	Attempting to start Apache app...
ø¿»ƒ 9:01:43  [mysql] 	Attempting to start MySQL app...
ø¿»ƒ 9:01:43  [Apache] 	Status change detected: running
ø¿»ƒ 9:01:43  [mysql] 	Status change detected: running
ø¿»ƒ 11:39:33  [Apache] 	Attempting to stop Apache (PID: 7292)
ø¿»ƒ 11:39:33  [Apache] 	Attempting to stop Apache (PID: 16368)
ø¿»ƒ 11:39:33  [Apache] 	Status change detected: stopped
ø¿»ƒ 11:39:33  [mysql] 	Attempting to stop MySQL app...
ø¿»ƒ 11:39:34  [mysql] 	Status change detected: stopped
ø¿»ƒ 11:39:34  [main] 	Deinitializing Modules
ø¿»ƒ 11:39:34  [main] 	Deinitializing Control Panel

ø¿»ƒ 10:15:47  [main] 	Initializing Control Panel
ø¿»ƒ 10:15:47  [main] 	Windows Version:  Enterprise  64-bit
ø¿»ƒ 10:15:47  [main] 	XAMPP Version: 7.3.12
ø¿»ƒ 10:15:47  [main] 	Control Panel Version: 3.2.4  [ Compiled: Jun 5th 2019 ]
ø¿»ƒ 10:15:47  [main] 	You are not running with administrator rights! This will work for
ø¿»ƒ 10:15:47  [main] 	most application stuff but whenever you do something with services
ø¿»ƒ 10:15:47  [main] 	there will be a security dialogue or things will break! So think 
ø¿»ƒ 10:15:47  [main] 	about running this application with administrator rights!
ø¿»ƒ 10:15:47  [main] 	XAMPP Installation Directory: "d:\github\php_xampp\xampp\"
ø¿»ƒ 10:15:47  [main] 	Checking for prerequisites
ø¿»ƒ 10:15:48  [main] 	All prerequisites found
ø¿»ƒ 10:15:48  [main] 	Initializing Modules
ø¿»ƒ 10:15:48  [main] 	Starting Check-Timer
ø¿»ƒ 10:15:48  [main] 	Control Panel Ready
ø¿»ƒ 10:15:50  [mysql] 	Attempting to start MySQL app...
ø¿»ƒ 10:15:50  [mysql] 	Status change detected: running
ø¿»ƒ 10:15:50  [Apache] 	Attempting to start Apache app...
ø¿»ƒ 10:15:51  [Apache] 	Status change detected: running
ø¿»ƒ 11:31:49  [mysql] 	Attempting to stop MySQL app...
ø¿»ƒ 11:31:49  [mysql] 	Status change detected: stopped
ø¿»ƒ 11:31:49  [Apache] 	Attempting to stop Apache (PID: 15960)
ø¿»ƒ 11:31:50  [Apache] 	Attempting to stop Apache (PID: 18708)
ø¿»ƒ 11:31:50  [Apache] 	Status change detected: stopped
ø¿»ƒ 11:31:50  [main] 	Deinitializing Modules
ø¿»ƒ 11:31:50  [main] 	Deinitializing Control Panel

ø¿»ƒ 11:47:19  [main] 	Initializing Control Panel
ø¿»ƒ 11:47:19  [main] 	Windows Version:  Enterprise  64-bit
ø¿»ƒ 11:47:19  [main] 	XAMPP Version: 7.3.12
ø¿»ƒ 11:47:19  [main] 	Control Panel Version: 3.2.4  [ Compiled: Jun 5th 2019 ]
ø¿»ƒ 11:47:19  [main] 	You are not running with administrator rights! This will work for
ø¿»ƒ 11:47:19  [main] 	most application stuff but whenever you do something with services
ø¿»ƒ 11:47:19  [main] 	there will be a security dialogue or things will break! So think 
ø¿»ƒ 11:47:19  [main] 	about running this application with administrator rights!
ø¿»ƒ 11:47:19  [main] 	XAMPP Installation Directory: "d:\github\php_xampp\xampp\"
ø¿»ƒ 11:47:19  [main] 	Checking for prerequisites
ø¿»ƒ 11:47:19  [main] 	All prerequisites found
ø¿»ƒ 11:47:19  [main] 	Initializing Modules
ø¿»ƒ 11:47:20  [Tomcat] 	Java is already running on port 8080!
ø¿»ƒ 11:47:20  [Tomcat] 	Is Tomcat already running?
ø¿»ƒ 11:47:20  [main] 	Starting Check-Timer
ø¿»ƒ 11:47:20  [main] 	Control Panel Ready
ø¿»ƒ 11:47:21  [mysql] 	Attempting to start MySQL app...
ø¿»ƒ 11:47:21  [Apache] 	Attempting to start Apache app...
ø¿»ƒ 11:47:22  [Apache] 	Status change detected: running
ø¿»ƒ 11:47:22  [mysql] 	Status change detected: running
ø¿¿¸ 1:25:21  [main] 	Deinitializing Modules
ø¿¿¸ 1:25:21  [main] 	Deinitializing Control Panel

ø¿»ƒ 10:07:10  [main] 	Initializing Control Panel
ø¿»ƒ 10:07:10  [main] 	Windows Version:  Enterprise  64-bit
ø¿»ƒ 10:07:10  [main] 	XAMPP Version: 7.3.12
ø¿»ƒ 10:07:10  [main] 	Control Panel Version: 3.2.4  [ Compiled: Jun 5th 2019 ]
ø¿»ƒ 10:07:10  [main] 	You are not running with administrator rights! This will work for
ø¿»ƒ 10:07:10  [main] 	most application stuff but whenever you do something with services
ø¿»ƒ 10:07:10  [main] 	there will be a security dialogue or things will break! So think 
ø¿»ƒ 10:07:10  [main] 	about running this application with administrator rights!
ø¿»ƒ 10:07:10  [main] 	XAMPP Installation Directory: "d:\github\php_xampp\xampp\"
ø¿»ƒ 10:07:10  [main] 	Checking for prerequisites
ø¿»ƒ 10:07:11  [main] 	All prerequisites found
ø¿»ƒ 10:07:11  [main] 	Initializing Modules
ø¿»ƒ 10:07:11  [main] 	Starting Check-Timer
ø¿»ƒ 10:07:11  [main] 	Control Panel Ready
ø¿»ƒ 10:07:13  [mysql] 	Attempting to start MySQL app...
ø¿»ƒ 10:07:13  [mysql] 	Status change detected: running
ø¿»ƒ 11:53:29  [mysql] 	Attempting to stop MySQL app...
ø¿»ƒ 11:53:29  [mysql] 	Status change detected: stopped
ø¿»ƒ 11:53:30  [main] 	Deinitializing Modules
ø¿»ƒ 11:53:30  [main] 	Deinitializing Control Panel

ø¿»ƒ 8:04:40  [main] 	Initializing Control Panel
ø¿»ƒ 8:04:40  [main] 	Windows Version:  Enterprise  64-bit
ø¿»ƒ 8:04:40  [main] 	XAMPP Version: 7.3.12
ø¿»ƒ 8:04:40  [main] 	Control Panel Version: 3.2.4  [ Compiled: Jun 5th 2019 ]
ø¿»ƒ 8:04:40  [main] 	You are not running with administrator rights! This will work for
ø¿»ƒ 8:04:40  [main] 	most application stuff but whenever you do something with services
ø¿»ƒ 8:04:40  [main] 	there will be a security dialogue or things will break! So think 
ø¿»ƒ 8:04:40  [main] 	about running this application with administrator rights!
ø¿»ƒ 8:04:40  [main] 	XAMPP Installation Directory: "d:\github\php_xampp\xampp\"
ø¿»ƒ 8:04:40  [main] 	Checking for prerequisites
ø¿»ƒ 8:04:41  [main] 	All prerequisites found
ø¿»ƒ 8:04:41  [main] 	Initializing Modules
ø¿»ƒ 8:04:41  [main] 	Starting Check-Timer
ø¿»ƒ 8:04:41  [main] 	Control Panel Ready
ø¿»ƒ 8:04:43  [mysql] 	Attempting to start MySQL app...
ø¿»ƒ 8:04:44  [mysql] 	Status change detected: running
ø¿¿¸ 1:21:36  [main] 	Deinitializing Modules
ø¿¿¸ 1:21:36  [main] 	Deinitializing Control Panel

ø¿»ƒ 8:14:02  [main] 	Initializing Control Panel
ø¿»ƒ 8:14:02  [main] 	Windows Version:  Enterprise  64-bit
ø¿»ƒ 8:14:02  [main] 	XAMPP Version: 7.3.12
ø¿»ƒ 8:14:02  [main] 	Control Panel Version: 3.2.4  [ Compiled: Jun 5th 2019 ]
ø¿»ƒ 8:14:02  [main] 	You are not running with administrator rights! This will work for
ø¿»ƒ 8:14:02  [main] 	most application stuff but whenever you do something with services
ø¿»ƒ 8:14:02  [main] 	there will be a security dialogue or things will break! So think 
ø¿»ƒ 8:14:02  [main] 	about running this application with administrator rights!
ø¿»ƒ 8:14:02  [main] 	XAMPP Installation Directory: "d:\github\php_xampp\xampp\"
ø¿»ƒ 8:14:02  [main] 	Checking for prerequisites
ø¿»ƒ 8:14:02  [main] 	All prerequisites found
ø¿»ƒ 8:14:02  [main] 	Initializing Modules
ø¿»ƒ 8:14:02  [main] 	Starting Check-Timer
ø¿»ƒ 8:14:02  [main] 	Control Panel Ready
ø¿»ƒ 8:14:04  [mysql] 	Attempting to start MySQL app...
ø¿»ƒ 8:14:04  [mysql] 	Status change detected: running
ø¿»ƒ 9:39:05  [mysql] 	Attempting to stop MySQL app...
ø¿»ƒ 9:39:05  [mysql] 	Status change detected: stopped
ø¿»ƒ 9:39:06  [main] 	Deinitializing Modules
ø¿»ƒ 9:39:06  [main] 	Deinitializing Control Panel

ø¿»ƒ 11:51:51  [main] 	Initializing Control Panel
ø¿»ƒ 11:51:51  [main] 	Windows Version:  Enterprise  64-bit
ø¿»ƒ 11:51:51  [main] 	XAMPP Version: 7.3.12
ø¿»ƒ 11:51:51  [main] 	Control Panel Version: 3.2.4  [ Compiled: Jun 5th 2019 ]
ø¿»ƒ 11:51:51  [main] 	You are not running with administrator rights! This will work for
ø¿»ƒ 11:51:51  [main] 	most application stuff but whenever you do something with services
ø¿»ƒ 11:51:51  [main] 	there will be a security dialogue or things will break! So think 
ø¿»ƒ 11:51:51  [main] 	about running this application with administrator rights!
ø¿»ƒ 11:51:51  [main] 	XAMPP Installation Directory: "d:\github\php_xampp\xampp\"
ø¿»ƒ 11:51:51  [main] 	Checking for prerequisites
ø¿»ƒ 11:51:52  [main] 	All prerequisites found
ø¿»ƒ 11:51:52  [main] 	Initializing Modules
ø¿»ƒ 11:51:52  [main] 	Starting Check-Timer
ø¿»ƒ 11:51:52  [main] 	Control Panel Ready
ø¿»ƒ 11:51:53  [mysql] 	Attempting to start MySQL app...
ø¿»ƒ 11:51:53  [mysql] 	Status change detected: running
ø¿¿¸ 12:29:33  [mysql] 	Attempting to stop MySQL app...
ø¿¿¸ 12:29:33  [mysql] 	Status change detected: stopped
ø¿¿¸ 12:29:34  [main] 	Deinitializing Modules
ø¿¿¸ 12:29:34  [main] 	Deinitializing Control Panel

ø¿»ƒ 7:42:07  [main] 	Initializing Control Panel
ø¿»ƒ 7:42:07  [main] 	Windows Version:  Enterprise  64-bit
ø¿»ƒ 7:42:07  [main] 	XAMPP Version: 7.3.12
ø¿»ƒ 7:42:07  [main] 	Control Panel Version: 3.2.4  [ Compiled: Jun 5th 2019 ]
ø¿»ƒ 7:42:07  [main] 	You are not running with administrator rights! This will work for
ø¿»ƒ 7:42:07  [main] 	most application stuff but whenever you do something with services
ø¿»ƒ 7:42:07  [main] 	there will be a security dialogue or things will break! So think 
ø¿»ƒ 7:42:07  [main] 	about running this application with administrator rights!
ø¿»ƒ 7:42:07  [main] 	XAMPP Installation Directory: "d:\github\php_xampp\xampp\"
ø¿»ƒ 7:42:07  [main] 	Checking for prerequisites
ø¿»ƒ 7:42:07  [main] 	All prerequisites found
ø¿»ƒ 7:42:07  [main] 	Initializing Modules
ø¿»ƒ 7:42:07  [main] 	Starting Check-Timer
ø¿»ƒ 7:42:07  [main] 	Control Panel Ready
ø¿»ƒ 7:42:08  [mysql] 	Attempting to start MySQL app...
ø¿»ƒ 7:42:09  [mysql] 	Status change detected: running
ø¿»ƒ 7:42:09  [Apache] 	Attempting to start Apache app...
ø¿»ƒ 7:42:09  [Apache] 	Status change detected: running
ø¿»ƒ 7:58:06  [mysql] 	Status change detected: stopped
ø¿»ƒ 7:58:06  [mysql] 	Error: MySQL shutdown unexpectedly.
ø¿»ƒ 7:58:06  [mysql] 	This may be due to a blocked port, missing dependencies, 
ø¿»ƒ 7:58:06  [mysql] 	improper privileges, a crash, or a shutdown by another method.
ø¿»ƒ 7:58:06  [mysql] 	Press the Logs button to view error logs and check
ø¿»ƒ 7:58:06  [mysql] 	the Windows Event Viewer for more clues
ø¿»ƒ 7:58:06  [mysql] 	If you need more help, copy and post this
ø¿»ƒ 7:58:06  [mysql] 	entire log window on the forums
ø¿»ƒ 7:59:20  [mysql] 	Attempting to start MySQL app...
ø¿»ƒ 7:59:21  [mysql] 	Status change detected: running
ø¿¿¸ 1:15:15  [Apache] 	Attempting to stop Apache (PID: 2604)
ø¿¿¸ 1:15:15  [Apache] 	Attempting to stop Apache (PID: 18312)
ø¿¿¸ 1:15:16  [Apache] 	Status change detected: stopped
ø¿¿¸ 1:15:19  [mysql] 	Attempting to stop MySQL app...
ø¿¿¸ 1:15:19  [mysql] 	Status change detected: stopped
ø¿¿¸ 1:15:20  [main] 	Deinitializing Modules
ø¿¿¸ 1:15:20  [main] 	Deinitializing Control Panel

